[2023-07-08 11:46:26Z INFO HostContext] No proxy settings were found based on environmental variables (http_proxy/https_proxy/HTTP_PROXY/HTTPS_PROXY)
[2023-07-08 11:46:26Z INFO HostContext] Well known directory 'Bin': '/Users/janisievins/Desktop/python-greetings/actions-runner/bin'
[2023-07-08 11:46:26Z INFO HostContext] Well known directory 'Root': '/Users/janisievins/Desktop/python-greetings/actions-runner'
[2023-07-08 11:46:26Z INFO HostContext] Well known config file 'Credentials': '/Users/janisievins/Desktop/python-greetings/actions-runner/.credentials'
[2023-07-08 11:46:26Z INFO HostContext] Well known directory 'Bin': '/Users/janisievins/Desktop/python-greetings/actions-runner/bin'
[2023-07-08 11:46:26Z INFO HostContext] Well known directory 'Root': '/Users/janisievins/Desktop/python-greetings/actions-runner'
[2023-07-08 11:46:26Z INFO HostContext] Well known config file 'Runner': '/Users/janisievins/Desktop/python-greetings/actions-runner/.runner'
[2023-07-08 11:46:26Z INFO Listener] Runner is built for OSX (X64) - osx-x64.
[2023-07-08 11:46:26Z INFO Listener] RuntimeInformation: Darwin 22.5.0 Darwin Kernel Version 22.5.0: Thu Jun  8 22:22:19 PDT 2023; root:xnu-8796.121.3~7/RELEASE_ARM64_T8103.
[2023-07-08 11:46:26Z INFO Listener] Version: 2.305.0
[2023-07-08 11:46:26Z INFO Listener] Commit: 6cbe663c239dba8a109c6ac2801b25f1ed7c51e9
[2023-07-08 11:46:26Z INFO Listener] Culture: en-LV
[2023-07-08 11:46:26Z INFO Listener] UI Culture: en-LV
[2023-07-08 11:46:26Z INFO HostContext] Well known directory 'Bin': '/Users/janisievins/Desktop/python-greetings/actions-runner/bin'
[2023-07-08 11:46:26Z INFO HostContext] Well known directory 'Root': '/Users/janisievins/Desktop/python-greetings/actions-runner'
[2023-07-08 11:46:26Z INFO Listener] Validating directory permissions for: '/Users/janisievins/Desktop/python-greetings/actions-runner'
[2023-07-08 11:46:26Z INFO CommandLineParser] Parse
[2023-07-08 11:46:26Z INFO CommandLineParser] Parsing 5 args
[2023-07-08 11:46:26Z INFO CommandLineParser] parsing argument
[2023-07-08 11:46:27Z INFO CommandLineParser] HasArgs: False
[2023-07-08 11:46:27Z INFO CommandLineParser] Adding Command: configure
[2023-07-08 11:46:27Z INFO CommandLineParser] parsing argument
[2023-07-08 11:46:27Z INFO CommandLineParser] HasArgs: True
[2023-07-08 11:46:27Z INFO CommandLineParser] arg: url
[2023-07-08 11:46:27Z INFO CommandLineParser] parsing argument
[2023-07-08 11:46:27Z INFO CommandLineParser] HasArgs: True
[2023-07-08 11:46:27Z INFO CommandLineParser] Adding option 'url': 'https://github.com/janisievinstdl/python-greetings'
[2023-07-08 11:46:27Z INFO CommandLineParser] parsing argument
[2023-07-08 11:46:27Z INFO CommandLineParser] HasArgs: True
[2023-07-08 11:46:27Z INFO CommandLineParser] arg: token
[2023-07-08 11:46:27Z INFO CommandLineParser] parsing argument
[2023-07-08 11:46:27Z INFO CommandLineParser] HasArgs: True
[2023-07-08 11:46:27Z INFO CommandLineParser] Adding option 'token': '***'
[2023-07-08 11:46:27Z INFO Listener] Arguments parsed
[2023-07-08 11:46:27Z INFO Runner] ExecuteCommand
[2023-07-08 11:46:27Z INFO ConfigurationStore] currentAssemblyLocation: /Users/janisievins/Desktop/python-greetings/actions-runner/bin/Runner.Listener.dll
[2023-07-08 11:46:27Z INFO HostContext] Well known directory 'Bin': '/Users/janisievins/Desktop/python-greetings/actions-runner/bin'
[2023-07-08 11:46:27Z INFO ConfigurationStore] binPath: /Users/janisievins/Desktop/python-greetings/actions-runner/bin
[2023-07-08 11:46:27Z INFO HostContext] Well known directory 'Bin': '/Users/janisievins/Desktop/python-greetings/actions-runner/bin'
[2023-07-08 11:46:27Z INFO HostContext] Well known directory 'Root': '/Users/janisievins/Desktop/python-greetings/actions-runner'
[2023-07-08 11:46:27Z INFO ConfigurationStore] RootFolder: /Users/janisievins/Desktop/python-greetings/actions-runner
[2023-07-08 11:46:27Z INFO HostContext] Well known directory 'Bin': '/Users/janisievins/Desktop/python-greetings/actions-runner/bin'
[2023-07-08 11:46:27Z INFO HostContext] Well known directory 'Root': '/Users/janisievins/Desktop/python-greetings/actions-runner'
[2023-07-08 11:46:27Z INFO HostContext] Well known config file 'Runner': '/Users/janisievins/Desktop/python-greetings/actions-runner/.runner'
[2023-07-08 11:46:27Z INFO ConfigurationStore] ConfigFilePath: /Users/janisievins/Desktop/python-greetings/actions-runner/.runner
[2023-07-08 11:46:27Z INFO HostContext] Well known directory 'Bin': '/Users/janisievins/Desktop/python-greetings/actions-runner/bin'
[2023-07-08 11:46:27Z INFO HostContext] Well known directory 'Root': '/Users/janisievins/Desktop/python-greetings/actions-runner'
[2023-07-08 11:46:27Z INFO HostContext] Well known config file 'Credentials': '/Users/janisievins/Desktop/python-greetings/actions-runner/.credentials'
[2023-07-08 11:46:27Z INFO ConfigurationStore] CredFilePath: /Users/janisievins/Desktop/python-greetings/actions-runner/.credentials
[2023-07-08 11:46:27Z INFO HostContext] Well known directory 'Bin': '/Users/janisievins/Desktop/python-greetings/actions-runner/bin'
[2023-07-08 11:46:27Z INFO HostContext] Well known directory 'Root': '/Users/janisievins/Desktop/python-greetings/actions-runner'
[2023-07-08 11:46:27Z INFO HostContext] Well known config file 'MigratedCredentials': '/Users/janisievins/Desktop/python-greetings/actions-runner/.credentials_migrated'
[2023-07-08 11:46:27Z INFO ConfigurationStore] MigratedCredFilePath: /Users/janisievins/Desktop/python-greetings/actions-runner/.credentials_migrated
[2023-07-08 11:46:27Z INFO HostContext] Well known directory 'Bin': '/Users/janisievins/Desktop/python-greetings/actions-runner/bin'
[2023-07-08 11:46:27Z INFO HostContext] Well known directory 'Root': '/Users/janisievins/Desktop/python-greetings/actions-runner'
[2023-07-08 11:46:27Z INFO HostContext] Well known config file 'Service': '/Users/janisievins/Desktop/python-greetings/actions-runner/.service'
[2023-07-08 11:46:27Z INFO ConfigurationStore] ServiceConfigFilePath: /Users/janisievins/Desktop/python-greetings/actions-runner/.service
[2023-07-08 11:46:27Z INFO CommandSettings] Flag 'help': 'False'
[2023-07-08 11:46:27Z INFO CommandSettings] Flag 'version': 'False'
[2023-07-08 11:46:27Z INFO CommandSettings] Flag 'commit': 'False'
[2023-07-08 11:46:27Z INFO CommandSettings] Flag 'check': 'False'
[2023-07-08 11:46:27Z INFO CommandSettings] Command 'configure': 'True'
[2023-07-08 11:46:27Z INFO Terminal] WRITE LINE: 
[2023-07-08 11:46:27Z INFO Terminal] WRITE LINE: --------------------------------------------------------------------------------
[2023-07-08 11:46:27Z INFO Terminal] WRITE LINE: |        ____ _ _   _   _       _          _        _   _                      |
[2023-07-08 11:46:27Z INFO Terminal] WRITE LINE: |       / ___(_) |_| | | |_   _| |__      / \   ___| |_(_) ___  _ __  ___      |
[2023-07-08 11:46:27Z INFO Terminal] WRITE LINE: |      | |  _| | __| |_| | | | | '_ \    / _ \ / __| __| |/ _ \| '_ \/ __|     |
[2023-07-08 11:46:27Z INFO Terminal] WRITE LINE: |      | |_| | | |_|  _  | |_| | |_) |  / ___ \ (__| |_| | (_) | | | \__ \     |
[2023-07-08 11:46:27Z INFO Terminal] WRITE LINE: |       \____|_|\__|_| |_|\__,_|_.__/  /_/   \_\___|\__|_|\___/|_| |_|___/     |
[2023-07-08 11:46:27Z INFO Terminal] WRITE LINE: |                                                                              |
[2023-07-08 11:46:27Z INFO Terminal] WRITE: |                       
[2023-07-08 11:46:27Z INFO Terminal] WRITE: Self-hosted runner registration
[2023-07-08 11:46:27Z INFO Terminal] WRITE LINE:                         |
[2023-07-08 11:46:27Z INFO Terminal] WRITE LINE: |                                                                              |
[2023-07-08 11:46:27Z INFO Terminal] WRITE LINE: --------------------------------------------------------------------------------
[2023-07-08 11:46:27Z INFO ConfigurationManager] ConfigureAsync
[2023-07-08 11:46:27Z INFO CommandSettings] Flag 'generateServiceConfig': 'False'
[2023-07-08 11:46:27Z INFO ConfigurationStore] IsConfigured()
[2023-07-08 11:46:27Z INFO ConfigurationStore] IsConfigured: False
[2023-07-08 11:46:27Z INFO ConfigurationManager] Is configured: False
[2023-07-08 11:46:27Z INFO CommandSettings] Arg 'url': 'https://github.com/janisievinstdl/python-greetings'
[2023-07-08 11:46:27Z INFO CommandSettings] Remove url from Arg dictionary.
[2023-07-08 11:46:27Z INFO CommandSettings] Arg 'token': '***'
[2023-07-08 11:46:27Z INFO CommandSettings] Remove token from Arg dictionary.
[2023-07-08 11:46:28Z INFO ConfigurationManager] Http response code: OK from 'POST https://api.github.com/actions/runner-registration' (D594:1B4D:69227A5:6A626B4:64A94C94)
[2023-07-08 11:46:28Z INFO ConfigurationManager] Using V2 flow: False
[2023-07-08 11:46:28Z INFO ConfigurationManager] cred retrieved via GitHub auth
[2023-07-08 11:46:28Z INFO RunnerServer] EstablishVssConnection
[2023-07-08 11:46:28Z INFO RunnerServer] Establish connection with 100 seconds timeout.
[2023-07-08 11:46:29Z INFO GitHubActionsService] Starting operation Location.GetConnectionData
[2023-07-08 11:46:29Z INFO RunnerServer] EstablishVssConnection
[2023-07-08 11:46:29Z INFO RunnerServer] Establish connection with 60 seconds timeout.
[2023-07-08 11:46:29Z INFO GitHubActionsService] Starting operation Location.GetConnectionData
[2023-07-08 11:46:29Z INFO RunnerServer] EstablishVssConnection
[2023-07-08 11:46:29Z INFO RunnerServer] Establish connection with 60 seconds timeout.
[2023-07-08 11:46:29Z INFO GitHubActionsService] Starting operation Location.GetConnectionData
[2023-07-08 11:46:30Z INFO GitHubActionsService] Finished operation Location.GetConnectionData
[2023-07-08 11:46:30Z INFO GitHubActionsService] Finished operation Location.GetConnectionData
[2023-07-08 11:46:30Z INFO GitHubActionsService] Finished operation Location.GetConnectionData
[2023-07-08 11:46:31Z INFO Terminal] WRITE LINE: 
[2023-07-08 11:46:31Z INFO ConfigurationManager] Test Connection complete.
[2023-07-08 11:46:31Z INFO HostContext] Well known directory 'Bin': '/Users/janisievins/Desktop/python-greetings/actions-runner/bin'
[2023-07-08 11:46:31Z INFO HostContext] Well known directory 'Root': '/Users/janisievins/Desktop/python-greetings/actions-runner'
[2023-07-08 11:46:31Z INFO HostContext] Well known config file 'RSACredentials': '/Users/janisievins/Desktop/python-greetings/actions-runner/.credentials_rsaparams'
[2023-07-08 11:46:31Z INFO RSAFileKeyManager] Creating new RSA key using 2048-bit key length
[2023-07-08 11:46:31Z INFO RSAFileKeyManager] Successfully saved RSA key parameters to file /Users/janisievins/Desktop/python-greetings/actions-runner/.credentials_rsaparams
[2023-07-08 11:46:31Z INFO RSAFileKeyManager] Which: 'chmod'
[2023-07-08 11:46:31Z INFO RSAFileKeyManager] Location: '/bin/chmod'
[2023-07-08 11:46:31Z INFO HostContext] Well known directory 'Bin': '/Users/janisievins/Desktop/python-greetings/actions-runner/bin'
[2023-07-08 11:46:31Z INFO HostContext] Well known directory 'Root': '/Users/janisievins/Desktop/python-greetings/actions-runner'
[2023-07-08 11:46:31Z INFO ProcessInvokerWrapper] Starting process:
[2023-07-08 11:46:31Z INFO ProcessInvokerWrapper]   File name: '/bin/chmod'
[2023-07-08 11:46:31Z INFO ProcessInvokerWrapper]   Arguments: '600 /Users/janisievins/Desktop/python-greetings/actions-runner/.credentials_rsaparams'
[2023-07-08 11:46:31Z INFO ProcessInvokerWrapper]   Working directory: '/Users/janisievins/Desktop/python-greetings/actions-runner'
[2023-07-08 11:46:31Z INFO ProcessInvokerWrapper]   Require exit code zero: 'False'
[2023-07-08 11:46:31Z INFO ProcessInvokerWrapper]   Encoding web name:  ; code page: ''
[2023-07-08 11:46:31Z INFO ProcessInvokerWrapper]   Force kill process on cancellation: 'False'
[2023-07-08 11:46:31Z INFO ProcessInvokerWrapper]   Redirected STDIN: 'False'
[2023-07-08 11:46:31Z INFO ProcessInvokerWrapper]   Persist current code page: 'False'
[2023-07-08 11:46:31Z INFO ProcessInvokerWrapper]   Keep redirected STDIN open: 'False'
[2023-07-08 11:46:31Z INFO ProcessInvokerWrapper]   High priority process: 'False'
[2023-07-08 11:46:31Z INFO ProcessInvokerWrapper] Process started with process id 53250, waiting for process exit.
[2023-07-08 11:46:31Z INFO ProcessInvokerWrapper] STDOUT/STDERR stream read finished.
[2023-07-08 11:46:31Z INFO ProcessInvokerWrapper] STDOUT/STDERR stream read finished.
[2023-07-08 11:46:31Z INFO ProcessInvokerWrapper] Finished process 53250 with exit code 0, and elapsed time 00:00:00.1015878.
[2023-07-08 11:46:31Z INFO RSAFileKeyManager] Successfully set permissions for RSA key parameters file /Users/janisievins/Desktop/python-greetings/actions-runner/.credentials_rsaparams
[2023-07-08 11:46:32Z INFO CommandSettings] Arg 'runnergroup': ''
[2023-07-08 11:46:32Z INFO CommandSettings] Flag 'unattended': 'False'
[2023-07-08 11:46:32Z INFO PromptManager] ReadValue
[2023-07-08 11:46:32Z INFO Terminal] WRITE: Enter the name of the runner group to add this runner to: 
[2023-07-08 11:46:32Z INFO Terminal] WRITE: [press Enter for Default] 
[2023-07-08 11:46:32Z INFO Terminal] READ LINE
[2023-07-08 11:46:33Z INFO Terminal] Read value: ''
[2023-07-08 11:46:33Z INFO PromptManager] Falling back to the default: 'Default'
[2023-07-08 11:46:33Z INFO Terminal] WRITE LINE: 
[2023-07-08 11:46:33Z INFO ConfigurationManager] Found a self-hosted runner group with id 1 and name Default
[2023-07-08 11:46:33Z INFO CommandSettings] Flag 'disableupdate': 'False'
[2023-07-08 11:46:33Z INFO CommandSettings] Flag 'ephemeral': 'False'
[2023-07-08 11:46:33Z INFO CommandSettings] Arg 'name': ''
[2023-07-08 11:46:33Z INFO CommandSettings] Flag 'unattended': 'False'
[2023-07-08 11:46:33Z INFO PromptManager] ReadValue
[2023-07-08 11:46:33Z INFO Terminal] WRITE: Enter the name of runner: 
[2023-07-08 11:46:33Z INFO Terminal] WRITE: [press Enter for Janiss-MacBook-Pro] 
[2023-07-08 11:46:33Z INFO Terminal] READ LINE
[2023-07-08 11:46:34Z INFO Terminal] Read value: ''
[2023-07-08 11:46:34Z INFO PromptManager] Falling back to the default: 'Janiss-MacBook-Pro'
[2023-07-08 11:46:34Z INFO Terminal] WRITE LINE: 
[2023-07-08 11:46:34Z INFO CommandSettings] Arg 'labels': ''
[2023-07-08 11:46:34Z INFO CommandSettings] Flag 'unattended': 'False'
[2023-07-08 11:46:34Z INFO PromptManager] ReadValue
[2023-07-08 11:46:34Z INFO Terminal] WRITE: This runner will have the following labels: 'self-hosted', 'macOS', 'X64' 
Enter any additional labels (ex. label-1,label-2): 
[2023-07-08 11:46:34Z INFO Terminal] WRITE: [press Enter to skip] 
[2023-07-08 11:46:34Z INFO Terminal] READ LINE
[2023-07-08 11:46:35Z INFO Terminal] Read value: ''
[2023-07-08 11:46:35Z INFO Terminal] WRITE LINE: 
[2023-07-08 11:46:35Z INFO CommandSettings] Flag 'disableupdate': 'False'
[2023-07-08 11:46:35Z INFO CommandSettings] Flag 'no-default-labels': 'False'
[2023-07-08 11:46:36Z INFO CommandSettings] Flag 'disableupdate': 'False'
[2023-07-08 11:46:36Z INFO CommandSettings] Flag 'ephemeral': 'False'
[2023-07-08 11:46:36Z INFO ConfigurationStore] Saving OAuth credential @ /Users/janisievins/Desktop/python-greetings/actions-runner/.credentials
[2023-07-08 11:46:36Z INFO ConfigurationStore] Credentials Saved.
[2023-07-08 11:46:36Z INFO ConfigurationStore] HasCredentials()
[2023-07-08 11:46:36Z INFO ConfigurationStore] stored True
[2023-07-08 11:46:36Z INFO CredentialManager] GetCredentialProvider
[2023-07-08 11:46:36Z INFO CredentialManager] Creating type OAuth
[2023-07-08 11:46:36Z INFO CredentialManager] Creating credential type: OAuth
[2023-07-08 11:46:36Z INFO RSAFileKeyManager] Loading RSA key parameters from file /Users/janisievins/Desktop/python-greetings/actions-runner/.credentials_rsaparams
[2023-07-08 11:46:36Z INFO RunnerServer] EstablishVssConnection
[2023-07-08 11:46:36Z INFO RunnerServer] Establish connection with 100 seconds timeout.
[2023-07-08 11:46:36Z INFO GitHubActionsService] Starting operation Location.GetConnectionData
[2023-07-08 11:46:36Z INFO RunnerServer] EstablishVssConnection
[2023-07-08 11:46:36Z INFO RunnerServer] Establish connection with 60 seconds timeout.
[2023-07-08 11:46:36Z INFO GitHubActionsService] Starting operation Location.GetConnectionData
[2023-07-08 11:46:36Z INFO RunnerServer] EstablishVssConnection
[2023-07-08 11:46:36Z INFO RunnerServer] Establish connection with 60 seconds timeout.
[2023-07-08 11:46:36Z INFO GitHubActionsService] Starting operation Location.GetConnectionData
[2023-07-08 11:46:36Z INFO GitHubActionsService] Finished operation Location.GetConnectionData
[2023-07-08 11:46:36Z INFO GitHubActionsService] Finished operation Location.GetConnectionData
[2023-07-08 11:46:37Z INFO GitHubActionsService] Finished operation Location.GetConnectionData
[2023-07-08 11:46:38Z INFO RSAFileKeyManager] Loading RSA key parameters from file /Users/janisievins/Desktop/python-greetings/actions-runner/.credentials_rsaparams
[2023-07-08 11:46:38Z INFO RSAFileKeyManager] Loading RSA key parameters from file /Users/janisievins/Desktop/python-greetings/actions-runner/.credentials_rsaparams
[2023-07-08 11:46:38Z INFO GitHubActionsService] AAD Correlation ID for this token request: Unknown
[2023-07-08 11:46:38Z INFO CommandSettings] Arg 'work': ''
[2023-07-08 11:46:38Z INFO CommandSettings] Flag 'unattended': 'False'
[2023-07-08 11:46:38Z INFO PromptManager] ReadValue
[2023-07-08 11:46:38Z INFO Terminal] WRITE: Enter name of work folder: 
[2023-07-08 11:46:38Z INFO Terminal] WRITE: [press Enter for _work] 
[2023-07-08 11:46:38Z INFO Terminal] READ LINE
[2023-07-08 11:46:39Z INFO Terminal] Read value: ''
[2023-07-08 11:46:39Z INFO PromptManager] Falling back to the default: '_work'
[2023-07-08 11:46:39Z INFO ConfigurationStore] Saving runner settings.
[2023-07-08 11:46:39Z INFO ConfigurationStore] Settings Saved.
[2023-07-08 11:46:39Z INFO Terminal] WRITE LINE: 
[2023-07-08 11:46:39Z INFO Terminal] WRITE LINE: 
[2023-07-08 11:46:39Z INFO OsxServiceControlManager] Service name 'actions.runner.janisievinstdl-python-greetings.Janiss-MacBook-Pro' display name 'GitHub Actions Runner (janisievinstdl-python-greetings.Janiss-MacBook-Pro)' will be used for service configuration.
[2023-07-08 11:46:39Z INFO HostContext] Well known directory 'Bin': '/Users/janisievins/Desktop/python-greetings/actions-runner/bin'
[2023-07-08 11:46:39Z INFO HostContext] Well known directory 'Root': '/Users/janisievins/Desktop/python-greetings/actions-runner'
[2023-07-08 11:46:39Z INFO HostContext] Well known directory 'Bin': '/Users/janisievins/Desktop/python-greetings/actions-runner/bin'
[2023-07-08 11:46:39Z INFO HostContext] Well known directory 'Bin': '/Users/janisievins/Desktop/python-greetings/actions-runner/bin'
[2023-07-08 11:46:39Z INFO HostContext] Well known directory 'Root': '/Users/janisievins/Desktop/python-greetings/actions-runner'
[2023-07-08 11:46:40Z INFO UnixUtil] Which: 'chmod'
[2023-07-08 11:46:40Z INFO UnixUtil] Location: '/bin/chmod'
[2023-07-08 11:46:40Z INFO UnixUtil] Running /bin/chmod 755 "/Users/janisievins/Desktop/python-greetings/actions-runner/svc.sh"
[2023-07-08 11:46:40Z INFO ProcessInvokerWrapper] Starting process:
[2023-07-08 11:46:40Z INFO ProcessInvokerWrapper]   File name: '/bin/chmod'
[2023-07-08 11:46:40Z INFO ProcessInvokerWrapper]   Arguments: '755 "/Users/janisievins/Desktop/python-greetings/actions-runner/svc.sh"'
[2023-07-08 11:46:40Z INFO ProcessInvokerWrapper]   Working directory: '/Users/janisievins/Desktop/python-greetings/actions-runner'
[2023-07-08 11:46:40Z INFO ProcessInvokerWrapper]   Require exit code zero: 'True'
[2023-07-08 11:46:40Z INFO ProcessInvokerWrapper]   Encoding web name:  ; code page: ''
[2023-07-08 11:46:40Z INFO ProcessInvokerWrapper]   Force kill process on cancellation: 'False'
[2023-07-08 11:46:40Z INFO ProcessInvokerWrapper]   Redirected STDIN: 'False'
[2023-07-08 11:46:40Z INFO ProcessInvokerWrapper]   Persist current code page: 'False'
[2023-07-08 11:46:40Z INFO ProcessInvokerWrapper]   Keep redirected STDIN open: 'False'
[2023-07-08 11:46:40Z INFO ProcessInvokerWrapper]   High priority process: 'False'
[2023-07-08 11:46:40Z INFO ProcessInvokerWrapper] Process started with process id 53328, waiting for process exit.
[2023-07-08 11:46:40Z INFO ProcessInvokerWrapper] STDOUT/STDERR stream read finished.
[2023-07-08 11:46:40Z INFO ProcessInvokerWrapper] STDOUT/STDERR stream read finished.
[2023-07-08 11:46:40Z INFO ProcessInvokerWrapper] Finished process 53328 with exit code 0, and elapsed time 00:00:00.0329777.
[2023-07-08 11:46:40Z INFO Listener] Runner execution has finished with return code 0
