[2023-07-08 11:46:50Z INFO HostContext] No proxy settings were found based on environmental variables (http_proxy/https_proxy/HTTP_PROXY/HTTPS_PROXY)
[2023-07-08 11:46:50Z INFO HostContext] Well known directory 'Bin': '/Users/janisievins/Desktop/python-greetings/actions-runner/bin'
[2023-07-08 11:46:50Z INFO HostContext] Well known directory 'Root': '/Users/janisievins/Desktop/python-greetings/actions-runner'
[2023-07-08 11:46:50Z INFO HostContext] Well known config file 'Credentials': '/Users/janisievins/Desktop/python-greetings/actions-runner/.credentials'
[2023-07-08 11:46:50Z INFO HostContext] Well known directory 'Bin': '/Users/janisievins/Desktop/python-greetings/actions-runner/bin'
[2023-07-08 11:46:50Z INFO HostContext] Well known directory 'Root': '/Users/janisievins/Desktop/python-greetings/actions-runner'
[2023-07-08 11:46:50Z INFO HostContext] Well known config file 'Runner': '/Users/janisievins/Desktop/python-greetings/actions-runner/.runner'
[2023-07-08 11:46:50Z INFO Listener] Runner is built for OSX (X64) - osx-x64.
[2023-07-08 11:46:50Z INFO Listener] RuntimeInformation: Darwin 22.5.0 Darwin Kernel Version 22.5.0: Thu Jun  8 22:22:19 PDT 2023; root:xnu-8796.121.3~7/RELEASE_ARM64_T8103.
[2023-07-08 11:46:50Z INFO Listener] Version: 2.305.0
[2023-07-08 11:46:50Z INFO Listener] Commit: 6cbe663c239dba8a109c6ac2801b25f1ed7c51e9
[2023-07-08 11:46:50Z INFO Listener] Culture: en-LV
[2023-07-08 11:46:50Z INFO Listener] UI Culture: en-LV
[2023-07-08 11:46:50Z INFO HostContext] Well known directory 'Bin': '/Users/janisievins/Desktop/python-greetings/actions-runner/bin'
[2023-07-08 11:46:50Z INFO HostContext] Well known directory 'Root': '/Users/janisievins/Desktop/python-greetings/actions-runner'
[2023-07-08 11:46:50Z INFO Listener] Validating directory permissions for: '/Users/janisievins/Desktop/python-greetings/actions-runner'
[2023-07-08 11:46:50Z INFO CommandLineParser] Parse
[2023-07-08 11:46:50Z INFO CommandLineParser] Parsing 1 args
[2023-07-08 11:46:50Z INFO CommandLineParser] parsing argument
[2023-07-08 11:46:50Z INFO CommandLineParser] HasArgs: False
[2023-07-08 11:46:50Z INFO CommandLineParser] Adding Command: run
[2023-07-08 11:46:50Z INFO Listener] Arguments parsed
[2023-07-08 11:46:50Z INFO Runner] ExecuteCommand
[2023-07-08 11:46:50Z INFO ConfigurationStore] currentAssemblyLocation: /Users/janisievins/Desktop/python-greetings/actions-runner/bin/Runner.Listener.dll
[2023-07-08 11:46:50Z INFO HostContext] Well known directory 'Bin': '/Users/janisievins/Desktop/python-greetings/actions-runner/bin'
[2023-07-08 11:46:50Z INFO ConfigurationStore] binPath: /Users/janisievins/Desktop/python-greetings/actions-runner/bin
[2023-07-08 11:46:50Z INFO HostContext] Well known directory 'Bin': '/Users/janisievins/Desktop/python-greetings/actions-runner/bin'
[2023-07-08 11:46:50Z INFO HostContext] Well known directory 'Root': '/Users/janisievins/Desktop/python-greetings/actions-runner'
[2023-07-08 11:46:50Z INFO ConfigurationStore] RootFolder: /Users/janisievins/Desktop/python-greetings/actions-runner
[2023-07-08 11:46:50Z INFO HostContext] Well known directory 'Bin': '/Users/janisievins/Desktop/python-greetings/actions-runner/bin'
[2023-07-08 11:46:50Z INFO HostContext] Well known directory 'Root': '/Users/janisievins/Desktop/python-greetings/actions-runner'
[2023-07-08 11:46:50Z INFO HostContext] Well known config file 'Runner': '/Users/janisievins/Desktop/python-greetings/actions-runner/.runner'
[2023-07-08 11:46:50Z INFO ConfigurationStore] ConfigFilePath: /Users/janisievins/Desktop/python-greetings/actions-runner/.runner
[2023-07-08 11:46:50Z INFO HostContext] Well known directory 'Bin': '/Users/janisievins/Desktop/python-greetings/actions-runner/bin'
[2023-07-08 11:46:50Z INFO HostContext] Well known directory 'Root': '/Users/janisievins/Desktop/python-greetings/actions-runner'
[2023-07-08 11:46:50Z INFO HostContext] Well known config file 'Credentials': '/Users/janisievins/Desktop/python-greetings/actions-runner/.credentials'
[2023-07-08 11:46:50Z INFO ConfigurationStore] CredFilePath: /Users/janisievins/Desktop/python-greetings/actions-runner/.credentials
[2023-07-08 11:46:50Z INFO HostContext] Well known directory 'Bin': '/Users/janisievins/Desktop/python-greetings/actions-runner/bin'
[2023-07-08 11:46:50Z INFO HostContext] Well known directory 'Root': '/Users/janisievins/Desktop/python-greetings/actions-runner'
[2023-07-08 11:46:50Z INFO HostContext] Well known config file 'MigratedCredentials': '/Users/janisievins/Desktop/python-greetings/actions-runner/.credentials_migrated'
[2023-07-08 11:46:50Z INFO ConfigurationStore] MigratedCredFilePath: /Users/janisievins/Desktop/python-greetings/actions-runner/.credentials_migrated
[2023-07-08 11:46:50Z INFO HostContext] Well known directory 'Bin': '/Users/janisievins/Desktop/python-greetings/actions-runner/bin'
[2023-07-08 11:46:50Z INFO HostContext] Well known directory 'Root': '/Users/janisievins/Desktop/python-greetings/actions-runner'
[2023-07-08 11:46:50Z INFO HostContext] Well known config file 'Service': '/Users/janisievins/Desktop/python-greetings/actions-runner/.service'
[2023-07-08 11:46:50Z INFO ConfigurationStore] ServiceConfigFilePath: /Users/janisievins/Desktop/python-greetings/actions-runner/.service
[2023-07-08 11:46:50Z INFO CommandSettings] Flag 'help': 'False'
[2023-07-08 11:46:50Z INFO CommandSettings] Flag 'version': 'False'
[2023-07-08 11:46:50Z INFO CommandSettings] Flag 'commit': 'False'
[2023-07-08 11:46:50Z INFO CommandSettings] Flag 'check': 'False'
[2023-07-08 11:46:50Z INFO CommandSettings] Command 'configure': 'False'
[2023-07-08 11:46:50Z INFO CommandSettings] Command 'remove': 'False'
[2023-07-08 11:46:50Z INFO CommandSettings] Command 'warmup': 'False'
[2023-07-08 11:46:50Z INFO ConfigurationManager] LoadSettings
[2023-07-08 11:46:50Z INFO ConfigurationStore] IsConfigured()
[2023-07-08 11:46:50Z INFO ConfigurationStore] IsConfigured: True
[2023-07-08 11:46:50Z INFO ConfigurationManager] Is configured: True
[2023-07-08 11:46:50Z INFO ConfigurationStore] Read setting file: 306 chars
[2023-07-08 11:46:50Z INFO ConfigurationManager] Settings Loaded
[2023-07-08 11:46:50Z INFO ConfigurationStore] IsServiceConfigured()
[2023-07-08 11:46:50Z INFO ConfigurationStore] IsServiceConfigured: False
[2023-07-08 11:46:50Z INFO CommandSettings] Command 'run': 'True'
[2023-07-08 11:46:50Z INFO ConfigurationStore] IsConfigured()
[2023-07-08 11:46:50Z INFO ConfigurationStore] IsConfigured: True
[2023-07-08 11:46:50Z INFO ConfigurationManager] Is configured: True
[2023-07-08 11:46:50Z INFO Runner] Could not parse the argument value '' for StartupType. Defaulting to Manual
[2023-07-08 11:46:50Z INFO Runner] Set runner startup type - Manual
[2023-07-08 11:46:50Z INFO CommandSettings] Flag 'once': 'False'
[2023-07-08 11:46:50Z INFO CommandSettings] Flag 'once': 'False'
[2023-07-08 11:46:50Z INFO Runner] RunAsync
[2023-07-08 11:46:50Z INFO ConfigurationManager] LoadSettings
[2023-07-08 11:46:50Z INFO ConfigurationStore] IsConfigured()
[2023-07-08 11:46:50Z INFO ConfigurationStore] IsConfigured: True
[2023-07-08 11:46:50Z INFO ConfigurationManager] Is configured: True
[2023-07-08 11:46:50Z INFO ConfigurationManager] Settings Loaded
[2023-07-08 11:46:50Z INFO MessageListener] {
  "AgentId": 2,
  "AgentName": "Janiss-MacBook-Pro",
  "PoolId": 1,
  "PoolName": "Default",
  "ServerUrl": "https://pipelines.actions.githubusercontent.com/ZstcLMHgxB4B2AdWe5aiHKea5LR5dYUa4H58np7sVCwT2pvuJU",
  "GitHubUrl": "https://github.com/janisievinstdl/python-greetings",
  "WorkFolder": "_work"
}
[2023-07-08 11:46:50Z INFO MessageListener] Loading Credentials
[2023-07-08 11:46:50Z INFO ConfigurationStore] HasCredentials()
[2023-07-08 11:46:50Z INFO ConfigurationStore] stored True
[2023-07-08 11:46:50Z INFO CredentialManager] GetCredentialProvider
[2023-07-08 11:46:50Z INFO CredentialManager] Creating type OAuth
[2023-07-08 11:46:50Z INFO CredentialManager] Creating credential type: OAuth
[2023-07-08 11:46:50Z INFO HostContext] Well known directory 'Bin': '/Users/janisievins/Desktop/python-greetings/actions-runner/bin'
[2023-07-08 11:46:50Z INFO HostContext] Well known directory 'Root': '/Users/janisievins/Desktop/python-greetings/actions-runner'
[2023-07-08 11:46:50Z INFO HostContext] Well known config file 'RSACredentials': '/Users/janisievins/Desktop/python-greetings/actions-runner/.credentials_rsaparams'
[2023-07-08 11:46:50Z INFO RSAFileKeyManager] Loading RSA key parameters from file /Users/janisievins/Desktop/python-greetings/actions-runner/.credentials_rsaparams
[2023-07-08 11:46:50Z INFO MessageListener] Attempt to create session.
[2023-07-08 11:46:50Z INFO MessageListener] Connecting to the Runner Server...
[2023-07-08 11:46:50Z INFO RunnerServer] EstablishVssConnection
[2023-07-08 11:46:50Z INFO RunnerServer] Establish connection with 100 seconds timeout.
[2023-07-08 11:46:51Z INFO GitHubActionsService] Starting operation Location.GetConnectionData
[2023-07-08 11:46:51Z INFO RunnerServer] EstablishVssConnection
[2023-07-08 11:46:51Z INFO RunnerServer] Establish connection with 60 seconds timeout.
[2023-07-08 11:46:51Z INFO GitHubActionsService] Starting operation Location.GetConnectionData
[2023-07-08 11:46:51Z INFO RunnerServer] EstablishVssConnection
[2023-07-08 11:46:51Z INFO RunnerServer] Establish connection with 60 seconds timeout.
[2023-07-08 11:46:51Z INFO GitHubActionsService] Starting operation Location.GetConnectionData
[2023-07-08 11:46:51Z INFO GitHubActionsService] Finished operation Location.GetConnectionData
[2023-07-08 11:46:52Z INFO GitHubActionsService] Finished operation Location.GetConnectionData
[2023-07-08 11:46:52Z INFO GitHubActionsService] Finished operation Location.GetConnectionData
[2023-07-08 11:46:53Z INFO MessageListener] VssConnection created
[2023-07-08 11:46:53Z INFO Terminal] WRITE LINE: 
[2023-07-08 11:46:53Z INFO Terminal] WRITE LINE: 
[2023-07-08 11:46:53Z INFO RSAFileKeyManager] Loading RSA key parameters from file /Users/janisievins/Desktop/python-greetings/actions-runner/.credentials_rsaparams
[2023-07-08 11:46:53Z INFO RSAFileKeyManager] Loading RSA key parameters from file /Users/janisievins/Desktop/python-greetings/actions-runner/.credentials_rsaparams
[2023-07-08 11:46:53Z INFO GitHubActionsService] AAD Correlation ID for this token request: Unknown
[2023-07-08 11:46:53Z INFO MessageListener] Session created.
[2023-07-08 11:46:53Z INFO Terminal] WRITE LINE: Current runner version: '2.305.0'
[2023-07-08 11:46:53Z INFO Terminal] WRITE LINE: 2023-07-08 11:46:53Z: Listening for Jobs
[2023-07-08 11:46:53Z INFO JobDispatcher] Set runner/worker IPC timeout to 30 seconds.
[2023-07-08 11:46:57Z INFO RSAFileKeyManager] Loading RSA key parameters from file /Users/janisievins/Desktop/python-greetings/actions-runner/.credentials_rsaparams
[2023-07-08 11:46:57Z INFO MessageListener] Message '1' received from session 'b9438186-3788-490e-bbc9-e99a3afbb512'.
[2023-07-08 11:46:57Z INFO Runner] Received job message of length 21427 from service, with hash 'eacb0297047b0682cc4548c4e3fda49f2a00cfb3786a5c1da60a3783c1d0ce5d'
[2023-07-08 11:46:57Z INFO JobDispatcher] Job request 1 for plan 3892e25c-e513-4a02-885d-8e9bcba41065 job 5d127cbb-7d1e-516e-9b64-07f37d7330d1 received.
[2023-07-08 11:46:57Z INFO JobDispatcher] Pull OrchestrationId 3892e25c-e513-4a02-885d-8e9bcba41065.build-docker-image.__default from JWT claims
[2023-07-08 11:46:57Z INFO Terminal] WRITE LINE: 2023-07-08 11:46:57Z: Running job: build-docker-image
[2023-07-08 11:46:57Z INFO JobDispatcher] Start renew job request 1 for job 5d127cbb-7d1e-516e-9b64-07f37d7330d1.
[2023-07-08 11:46:57Z INFO JobDispatcher] Successfully renew job request 1, job is valid till 08/07/2023 11:56:57
[2023-07-08 11:46:57Z INFO HostContext] Well known directory 'Bin': '/Users/janisievins/Desktop/python-greetings/actions-runner/bin'
[2023-07-08 11:46:57Z INFO ProcessInvokerWrapper] Starting process:
[2023-07-08 11:46:57Z INFO ProcessInvokerWrapper]   File name: '/Users/janisievins/Desktop/python-greetings/actions-runner/bin/Runner.Worker'
[2023-07-08 11:46:57Z INFO ProcessInvokerWrapper]   Arguments: 'spawnclient 107 110'
[2023-07-08 11:46:57Z INFO ProcessInvokerWrapper]   Working directory: '/Users/janisievins/Desktop/python-greetings/actions-runner/bin'
[2023-07-08 11:46:57Z INFO ProcessInvokerWrapper]   Require exit code zero: 'False'
[2023-07-08 11:46:57Z INFO ProcessInvokerWrapper]   Encoding web name:  ; code page: ''
[2023-07-08 11:46:57Z INFO ProcessInvokerWrapper]   Force kill process on cancellation: 'True'
[2023-07-08 11:46:57Z INFO ProcessInvokerWrapper]   Redirected STDIN: 'False'
[2023-07-08 11:46:57Z INFO ProcessInvokerWrapper]   Persist current code page: 'False'
[2023-07-08 11:46:57Z INFO ProcessInvokerWrapper]   Keep redirected STDIN open: 'False'
[2023-07-08 11:46:57Z INFO ProcessInvokerWrapper]   High priority process: 'True'
[2023-07-08 11:46:57Z INFO ProcessInvokerWrapper] Process started with process id 53472, waiting for process exit.
[2023-07-08 11:46:57Z INFO JobDispatcher] Send job request message to worker for job 5d127cbb-7d1e-516e-9b64-07f37d7330d1.
[2023-07-08 11:46:57Z INFO ProcessChannel] Sending message of length 21427, with hash 'eacb0297047b0682cc4548c4e3fda49f2a00cfb3786a5c1da60a3783c1d0ce5d'
[2023-07-08 11:46:57Z INFO JobNotification] Entering JobStarted Notification
[2023-07-08 11:46:57Z INFO JobNotification] Entering StartMonitor
[2023-07-08 11:47:23Z INFO ProcessInvokerWrapper] STDOUT/STDERR stream read finished.
[2023-07-08 11:47:23Z INFO ProcessInvokerWrapper] STDOUT/STDERR stream read finished.
[2023-07-08 11:47:23Z INFO ProcessInvokerWrapper] Finished process 53472 with exit code 100, and elapsed time 00:00:25.8475492.
[2023-07-08 11:47:23Z INFO JobDispatcher] Worker finished for job 5d127cbb-7d1e-516e-9b64-07f37d7330d1. Code: 100
[2023-07-08 11:47:23Z INFO JobDispatcher] finish job request for job 5d127cbb-7d1e-516e-9b64-07f37d7330d1 with result: Succeeded
[2023-07-08 11:47:23Z INFO Terminal] WRITE LINE: 2023-07-08 11:47:23Z: Job build-docker-image completed with result: Succeeded
[2023-07-08 11:47:23Z INFO JobDispatcher] Stop renew job request for job 5d127cbb-7d1e-516e-9b64-07f37d7330d1.
[2023-07-08 11:47:23Z INFO JobDispatcher] job renew has been cancelled, stop renew job request 1.
[2023-07-08 11:47:23Z INFO JobNotification] Entering JobCompleted Notification
[2023-07-08 11:47:23Z INFO JobNotification] Entering EndMonitor
[2023-07-08 11:47:25Z INFO RSAFileKeyManager] Loading RSA key parameters from file /Users/janisievins/Desktop/python-greetings/actions-runner/.credentials_rsaparams
[2023-07-08 11:47:25Z INFO MessageListener] Message '2' received from session 'b9438186-3788-490e-bbc9-e99a3afbb512'.
[2023-07-08 11:47:25Z INFO Runner] Received job message of length 21556 from service, with hash '988ec9b6bafe985b069a86e79568eea557731b8da9a2723da2af6c851a0ee1c7'
[2023-07-08 11:47:25Z INFO JobDispatcher] Job request 2 for plan 3892e25c-e513-4a02-885d-8e9bcba41065 job 6e2e6d2e-3d07-5d27-f52a-c3c85fbb7c29 received.
[2023-07-08 11:47:25Z INFO JobDispatcher] Pull OrchestrationId 3892e25c-e513-4a02-885d-8e9bcba41065.deploy-to-dev.__default from JWT claims
[2023-07-08 11:47:25Z INFO JobDispatcher] Job request 5d127cbb-7d1e-516e-9b64-07f37d7330d1 processed succeed.
[2023-07-08 11:47:25Z INFO Terminal] WRITE LINE: 2023-07-08 11:47:25Z: Running job: deploy-to-dev
[2023-07-08 11:47:25Z INFO JobDispatcher] Start renew job request 2 for job 6e2e6d2e-3d07-5d27-f52a-c3c85fbb7c29.
[2023-07-08 11:47:25Z INFO JobDispatcher] Successfully renew job request 2, job is valid till 08/07/2023 11:57:25
[2023-07-08 11:47:25Z INFO HostContext] Well known directory 'Bin': '/Users/janisievins/Desktop/python-greetings/actions-runner/bin'
[2023-07-08 11:47:25Z INFO ProcessInvokerWrapper] Starting process:
[2023-07-08 11:47:25Z INFO ProcessInvokerWrapper]   File name: '/Users/janisievins/Desktop/python-greetings/actions-runner/bin/Runner.Worker'
[2023-07-08 11:47:25Z INFO ProcessInvokerWrapper]   Arguments: 'spawnclient 108 112'
[2023-07-08 11:47:25Z INFO ProcessInvokerWrapper]   Working directory: '/Users/janisievins/Desktop/python-greetings/actions-runner/bin'
[2023-07-08 11:47:25Z INFO ProcessInvokerWrapper]   Require exit code zero: 'False'
[2023-07-08 11:47:25Z INFO ProcessInvokerWrapper]   Encoding web name:  ; code page: ''
[2023-07-08 11:47:25Z INFO ProcessInvokerWrapper]   Force kill process on cancellation: 'True'
[2023-07-08 11:47:25Z INFO ProcessInvokerWrapper]   Redirected STDIN: 'False'
[2023-07-08 11:47:25Z INFO ProcessInvokerWrapper]   Persist current code page: 'False'
[2023-07-08 11:47:25Z INFO ProcessInvokerWrapper]   Keep redirected STDIN open: 'False'
[2023-07-08 11:47:25Z INFO ProcessInvokerWrapper]   High priority process: 'True'
[2023-07-08 11:47:25Z INFO ProcessInvokerWrapper] Process started with process id 53700, waiting for process exit.
[2023-07-08 11:47:25Z INFO JobDispatcher] Send job request message to worker for job 6e2e6d2e-3d07-5d27-f52a-c3c85fbb7c29.
[2023-07-08 11:47:25Z INFO ProcessChannel] Sending message of length 21556, with hash '988ec9b6bafe985b069a86e79568eea557731b8da9a2723da2af6c851a0ee1c7'
[2023-07-08 11:47:25Z INFO JobNotification] Entering JobStarted Notification
[2023-07-08 11:47:25Z INFO JobNotification] Entering StartMonitor
[2023-07-08 11:47:37Z INFO ProcessInvokerWrapper] STDOUT/STDERR stream read finished.
[2023-07-08 11:47:37Z INFO ProcessInvokerWrapper] STDOUT/STDERR stream read finished.
[2023-07-08 11:47:37Z INFO ProcessInvokerWrapper] Finished process 53700 with exit code 102, and elapsed time 00:00:12.0667779.
[2023-07-08 11:47:37Z INFO JobDispatcher] Worker finished for job 6e2e6d2e-3d07-5d27-f52a-c3c85fbb7c29. Code: 102
[2023-07-08 11:47:37Z INFO JobDispatcher] finish job request for job 6e2e6d2e-3d07-5d27-f52a-c3c85fbb7c29 with result: Failed
[2023-07-08 11:47:37Z INFO Terminal] WRITE LINE: 2023-07-08 11:47:37Z: Job deploy-to-dev completed with result: Failed
[2023-07-08 11:47:37Z INFO JobDispatcher] Stop renew job request for job 6e2e6d2e-3d07-5d27-f52a-c3c85fbb7c29.
[2023-07-08 11:47:37Z INFO JobDispatcher] job renew has been cancelled, stop renew job request 2.
[2023-07-08 11:47:37Z INFO JobNotification] Entering JobCompleted Notification
[2023-07-08 11:47:37Z INFO JobNotification] Entering EndMonitor
[2023-07-08 11:47:50Z INFO RSAFileKeyManager] Loading RSA key parameters from file /Users/janisievins/Desktop/python-greetings/actions-runner/.credentials_rsaparams
[2023-07-08 11:47:50Z INFO MessageListener] Message '3' received from session 'b9438186-3788-490e-bbc9-e99a3afbb512'.
[2023-07-08 11:47:50Z INFO Runner] Received job message of length 21555 from service, with hash 'd0353adc9bc76d7920e17a08ca0444971b66c9cb2406a5fa0fbd579fedfed829'
[2023-07-08 11:47:50Z INFO JobDispatcher] Job request 3 for plan 51d3bc98-dff7-4feb-90f5-cce792fe8e0c job 6e2e6d2e-3d07-5d27-f52a-c3c85fbb7c29 received.
[2023-07-08 11:47:50Z INFO JobDispatcher] Pull OrchestrationId 51d3bc98-dff7-4feb-90f5-cce792fe8e0c.deploy-to-dev.__default from JWT claims
[2023-07-08 11:47:50Z INFO JobDispatcher] Job request 6e2e6d2e-3d07-5d27-f52a-c3c85fbb7c29 processed succeed.
[2023-07-08 11:47:50Z INFO Terminal] WRITE LINE: 2023-07-08 11:47:50Z: Running job: deploy-to-dev
[2023-07-08 11:47:50Z INFO JobDispatcher] Start renew job request 3 for job 6e2e6d2e-3d07-5d27-f52a-c3c85fbb7c29.
[2023-07-08 11:47:50Z INFO JobDispatcher] Successfully renew job request 3, job is valid till 08/07/2023 11:57:50
[2023-07-08 11:47:50Z INFO HostContext] Well known directory 'Bin': '/Users/janisievins/Desktop/python-greetings/actions-runner/bin'
[2023-07-08 11:47:50Z INFO ProcessInvokerWrapper] Starting process:
[2023-07-08 11:47:50Z INFO ProcessInvokerWrapper]   File name: '/Users/janisievins/Desktop/python-greetings/actions-runner/bin/Runner.Worker'
[2023-07-08 11:47:50Z INFO ProcessInvokerWrapper]   Arguments: 'spawnclient 108 112'
[2023-07-08 11:47:50Z INFO ProcessInvokerWrapper]   Working directory: '/Users/janisievins/Desktop/python-greetings/actions-runner/bin'
[2023-07-08 11:47:50Z INFO ProcessInvokerWrapper]   Require exit code zero: 'False'
[2023-07-08 11:47:50Z INFO ProcessInvokerWrapper]   Encoding web name:  ; code page: ''
[2023-07-08 11:47:50Z INFO ProcessInvokerWrapper]   Force kill process on cancellation: 'True'
[2023-07-08 11:47:50Z INFO ProcessInvokerWrapper]   Redirected STDIN: 'False'
[2023-07-08 11:47:50Z INFO ProcessInvokerWrapper]   Persist current code page: 'False'
[2023-07-08 11:47:50Z INFO ProcessInvokerWrapper]   Keep redirected STDIN open: 'False'
[2023-07-08 11:47:50Z INFO ProcessInvokerWrapper]   High priority process: 'True'
[2023-07-08 11:47:50Z INFO ProcessInvokerWrapper] Process started with process id 53904, waiting for process exit.
[2023-07-08 11:47:50Z INFO JobDispatcher] Send job request message to worker for job 6e2e6d2e-3d07-5d27-f52a-c3c85fbb7c29.
[2023-07-08 11:47:50Z INFO ProcessChannel] Sending message of length 21555, with hash 'd0353adc9bc76d7920e17a08ca0444971b66c9cb2406a5fa0fbd579fedfed829'
[2023-07-08 11:47:50Z INFO JobNotification] Entering JobStarted Notification
[2023-07-08 11:47:50Z INFO JobNotification] Entering StartMonitor
[2023-07-08 11:48:03Z INFO ProcessInvokerWrapper] STDOUT/STDERR stream read finished.
[2023-07-08 11:48:03Z INFO ProcessInvokerWrapper] STDOUT/STDERR stream read finished.
[2023-07-08 11:48:03Z INFO ProcessInvokerWrapper] Finished process 53904 with exit code 102, and elapsed time 00:00:13.0705229.
[2023-07-08 11:48:03Z INFO JobDispatcher] Worker finished for job 6e2e6d2e-3d07-5d27-f52a-c3c85fbb7c29. Code: 102
[2023-07-08 11:48:03Z INFO JobDispatcher] finish job request for job 6e2e6d2e-3d07-5d27-f52a-c3c85fbb7c29 with result: Failed
[2023-07-08 11:48:03Z INFO Terminal] WRITE LINE: 2023-07-08 11:48:03Z: Job deploy-to-dev completed with result: Failed
[2023-07-08 11:48:03Z INFO JobDispatcher] Stop renew job request for job 6e2e6d2e-3d07-5d27-f52a-c3c85fbb7c29.
[2023-07-08 11:48:03Z INFO JobDispatcher] job renew has been cancelled, stop renew job request 3.
[2023-07-08 11:48:03Z INFO JobNotification] Entering JobCompleted Notification
[2023-07-08 11:48:03Z INFO JobNotification] Entering EndMonitor
[2023-07-08 11:57:00Z INFO RSAFileKeyManager] Loading RSA key parameters from file /Users/janisievins/Desktop/python-greetings/actions-runner/.credentials_rsaparams
[2023-07-08 11:57:00Z INFO MessageListener] Message '4' received from session 'b9438186-3788-490e-bbc9-e99a3afbb512'.
[2023-07-08 11:57:00Z INFO Runner] Received job message of length 21419 from service, with hash 'b3da3fcacac7729133ad8ae0edb0f1c3e813e1f0b080d13c7857acf5b0c4420a'
[2023-07-08 11:57:00Z INFO JobDispatcher] Job request 4 for plan 609c779b-c215-4208-bc1c-936a333b215c job 5d127cbb-7d1e-516e-9b64-07f37d7330d1 received.
[2023-07-08 11:57:00Z INFO JobDispatcher] Pull OrchestrationId 609c779b-c215-4208-bc1c-936a333b215c.build-docker-image.__default from JWT claims
[2023-07-08 11:57:00Z INFO JobDispatcher] Job request 6e2e6d2e-3d07-5d27-f52a-c3c85fbb7c29 processed succeed.
[2023-07-08 11:57:00Z INFO Terminal] WRITE LINE: 2023-07-08 11:57:00Z: Running job: build-docker-image
[2023-07-08 11:57:00Z INFO JobDispatcher] Start renew job request 4 for job 5d127cbb-7d1e-516e-9b64-07f37d7330d1.
[2023-07-08 11:57:01Z INFO JobDispatcher] Successfully renew job request 4, job is valid till 08/07/2023 12:07:01
[2023-07-08 11:57:01Z INFO HostContext] Well known directory 'Bin': '/Users/janisievins/Desktop/python-greetings/actions-runner/bin'
[2023-07-08 11:57:01Z INFO ProcessInvokerWrapper] Starting process:
[2023-07-08 11:57:01Z INFO ProcessInvokerWrapper]   File name: '/Users/janisievins/Desktop/python-greetings/actions-runner/bin/Runner.Worker'
[2023-07-08 11:57:01Z INFO ProcessInvokerWrapper]   Arguments: 'spawnclient 102 114'
[2023-07-08 11:57:01Z INFO ProcessInvokerWrapper]   Working directory: '/Users/janisievins/Desktop/python-greetings/actions-runner/bin'
[2023-07-08 11:57:01Z INFO ProcessInvokerWrapper]   Require exit code zero: 'False'
[2023-07-08 11:57:01Z INFO ProcessInvokerWrapper]   Encoding web name:  ; code page: ''
[2023-07-08 11:57:01Z INFO ProcessInvokerWrapper]   Force kill process on cancellation: 'True'
[2023-07-08 11:57:01Z INFO ProcessInvokerWrapper]   Redirected STDIN: 'False'
[2023-07-08 11:57:01Z INFO ProcessInvokerWrapper]   Persist current code page: 'False'
[2023-07-08 11:57:01Z INFO ProcessInvokerWrapper]   Keep redirected STDIN open: 'False'
[2023-07-08 11:57:01Z INFO ProcessInvokerWrapper]   High priority process: 'True'
[2023-07-08 11:57:01Z INFO ProcessInvokerWrapper] Process started with process id 54187, waiting for process exit.
[2023-07-08 11:57:01Z INFO JobDispatcher] Send job request message to worker for job 5d127cbb-7d1e-516e-9b64-07f37d7330d1.
[2023-07-08 11:57:01Z INFO ProcessChannel] Sending message of length 21419, with hash 'b3da3fcacac7729133ad8ae0edb0f1c3e813e1f0b080d13c7857acf5b0c4420a'
[2023-07-08 11:57:01Z INFO JobNotification] Entering JobStarted Notification
[2023-07-08 11:57:01Z INFO JobNotification] Entering StartMonitor
[2023-07-08 11:57:18Z INFO ProcessInvokerWrapper] STDOUT/STDERR stream read finished.
[2023-07-08 11:57:18Z INFO ProcessInvokerWrapper] STDOUT/STDERR stream read finished.
[2023-07-08 11:57:18Z INFO ProcessInvokerWrapper] Finished process 54187 with exit code 100, and elapsed time 00:00:16.9598934.
[2023-07-08 11:57:18Z INFO JobDispatcher] Worker finished for job 5d127cbb-7d1e-516e-9b64-07f37d7330d1. Code: 100
[2023-07-08 11:57:18Z INFO JobDispatcher] finish job request for job 5d127cbb-7d1e-516e-9b64-07f37d7330d1 with result: Succeeded
[2023-07-08 11:57:18Z INFO Terminal] WRITE LINE: 2023-07-08 11:57:18Z: Job build-docker-image completed with result: Succeeded
[2023-07-08 11:57:18Z INFO JobDispatcher] Stop renew job request for job 5d127cbb-7d1e-516e-9b64-07f37d7330d1.
[2023-07-08 11:57:18Z INFO JobDispatcher] job renew has been cancelled, stop renew job request 4.
[2023-07-08 11:57:18Z INFO JobNotification] Entering JobCompleted Notification
[2023-07-08 11:57:18Z INFO JobNotification] Entering EndMonitor
[2023-07-08 11:57:20Z INFO RSAFileKeyManager] Loading RSA key parameters from file /Users/janisievins/Desktop/python-greetings/actions-runner/.credentials_rsaparams
[2023-07-08 11:57:20Z INFO MessageListener] Message '5' received from session 'b9438186-3788-490e-bbc9-e99a3afbb512'.
[2023-07-08 11:57:20Z INFO Runner] Received job message of length 21306 from service, with hash 'eb0ecc97f23227405f8b5361652ac59a33aba1f245dddd07dc37ccfb0dee2da8'
[2023-07-08 11:57:20Z INFO JobDispatcher] Job request 5 for plan 609c779b-c215-4208-bc1c-936a333b215c job 8064ed4c-5884-5fc3-53a6-4f25b35bc868 received.
[2023-07-08 11:57:20Z INFO JobDispatcher] Pull OrchestrationId 609c779b-c215-4208-bc1c-936a333b215c.deploy-dev.__default from JWT claims
[2023-07-08 11:57:20Z INFO JobDispatcher] Job request 5d127cbb-7d1e-516e-9b64-07f37d7330d1 processed succeed.
[2023-07-08 11:57:20Z INFO Terminal] WRITE LINE: 2023-07-08 11:57:20Z: Running job: deploy-dev
[2023-07-08 11:57:20Z INFO JobDispatcher] Start renew job request 5 for job 8064ed4c-5884-5fc3-53a6-4f25b35bc868.
[2023-07-08 11:57:20Z INFO JobDispatcher] Successfully renew job request 5, job is valid till 08/07/2023 12:07:20
[2023-07-08 11:57:20Z INFO HostContext] Well known directory 'Bin': '/Users/janisievins/Desktop/python-greetings/actions-runner/bin'
[2023-07-08 11:57:20Z INFO ProcessInvokerWrapper] Starting process:
[2023-07-08 11:57:20Z INFO ProcessInvokerWrapper]   File name: '/Users/janisievins/Desktop/python-greetings/actions-runner/bin/Runner.Worker'
[2023-07-08 11:57:20Z INFO ProcessInvokerWrapper]   Arguments: 'spawnclient 102 114'
[2023-07-08 11:57:20Z INFO ProcessInvokerWrapper]   Working directory: '/Users/janisievins/Desktop/python-greetings/actions-runner/bin'
[2023-07-08 11:57:20Z INFO ProcessInvokerWrapper]   Require exit code zero: 'False'
[2023-07-08 11:57:20Z INFO ProcessInvokerWrapper]   Encoding web name:  ; code page: ''
[2023-07-08 11:57:20Z INFO ProcessInvokerWrapper]   Force kill process on cancellation: 'True'
[2023-07-08 11:57:20Z INFO ProcessInvokerWrapper]   Redirected STDIN: 'False'
[2023-07-08 11:57:20Z INFO ProcessInvokerWrapper]   Persist current code page: 'False'
[2023-07-08 11:57:20Z INFO ProcessInvokerWrapper]   Keep redirected STDIN open: 'False'
[2023-07-08 11:57:20Z INFO ProcessInvokerWrapper]   High priority process: 'True'
[2023-07-08 11:57:20Z INFO ProcessInvokerWrapper] Process started with process id 54453, waiting for process exit.
[2023-07-08 11:57:20Z INFO JobDispatcher] Send job request message to worker for job 8064ed4c-5884-5fc3-53a6-4f25b35bc868.
[2023-07-08 11:57:20Z INFO ProcessChannel] Sending message of length 21306, with hash 'eb0ecc97f23227405f8b5361652ac59a33aba1f245dddd07dc37ccfb0dee2da8'
[2023-07-08 11:57:20Z INFO JobNotification] Entering JobStarted Notification
[2023-07-08 11:57:20Z INFO JobNotification] Entering StartMonitor
[2023-07-08 11:57:31Z INFO ProcessInvokerWrapper] STDOUT/STDERR stream read finished.
[2023-07-08 11:57:31Z INFO ProcessInvokerWrapper] STDOUT/STDERR stream read finished.
[2023-07-08 11:57:31Z INFO ProcessInvokerWrapper] Finished process 54453 with exit code 102, and elapsed time 00:00:10.3660410.
[2023-07-08 11:57:31Z INFO JobDispatcher] Worker finished for job 8064ed4c-5884-5fc3-53a6-4f25b35bc868. Code: 102
[2023-07-08 11:57:31Z INFO JobDispatcher] finish job request for job 8064ed4c-5884-5fc3-53a6-4f25b35bc868 with result: Failed
[2023-07-08 11:57:31Z INFO Terminal] WRITE LINE: 2023-07-08 11:57:31Z: Job deploy-dev completed with result: Failed
[2023-07-08 11:57:31Z INFO JobDispatcher] Stop renew job request for job 8064ed4c-5884-5fc3-53a6-4f25b35bc868.
[2023-07-08 11:57:31Z INFO JobDispatcher] job renew has been cancelled, stop renew job request 5.
[2023-07-08 11:57:31Z INFO JobNotification] Entering JobCompleted Notification
[2023-07-08 11:57:31Z INFO JobNotification] Entering EndMonitor
[2023-07-08 12:01:13Z INFO Terminal] WRITE LINE: Exiting...
[2023-07-08 12:01:13Z INFO ConfigurationStore] IsServiceConfigured()
[2023-07-08 12:01:13Z INFO ConfigurationStore] IsServiceConfigured: False
[2023-07-08 12:01:13Z INFO HostContext] Runner will be shutdown for UserCancelled
[2023-07-08 12:01:13Z WARN GitHubActionsService] GET request to https://pipelines.actions.githubusercontent.com/ZstcLMHgxB4B2AdWe5aiHKea5LR5dYUa4H58np7sVCwT2pvuJU/_apis/distributedtask/pools/1/messages?sessionId=b9438186-3788-490e-bbc9-e99a3afbb512&lastMessageId=5&status=Online&runnerVersion=2.305.0 has been cancelled.
[2023-07-08 12:01:13Z INFO MessageListener] Get next message has been cancelled.
[2023-07-08 12:01:13Z INFO JobDispatcher] Shutting down JobDispatcher. Make sure all WorkerDispatcher has finished.
[2023-07-08 12:01:13Z INFO JobDispatcher] Ensure WorkerDispather for job 8064ed4c-5884-5fc3-53a6-4f25b35bc868 run to finish, cancel any running job.
[2023-07-08 12:01:13Z INFO JobDispatcher] Job request 8064ed4c-5884-5fc3-53a6-4f25b35bc868 processed succeed.
[2023-07-08 12:01:13Z INFO Listener] Runner execution been cancelled.
