[2023-07-08 12:21:02Z INFO HostContext] No proxy settings were found based on environmental variables (http_proxy/https_proxy/HTTP_PROXY/HTTPS_PROXY)
[2023-07-08 12:21:02Z INFO HostContext] Well known directory 'Bin': '/Users/janisievins/Desktop/python-greetings/actions-runner/bin'
[2023-07-08 12:21:02Z INFO HostContext] Well known directory 'Root': '/Users/janisievins/Desktop/python-greetings/actions-runner'
[2023-07-08 12:21:02Z INFO HostContext] Well known config file 'Credentials': '/Users/janisievins/Desktop/python-greetings/actions-runner/.credentials'
[2023-07-08 12:21:02Z INFO HostContext] Well known directory 'Bin': '/Users/janisievins/Desktop/python-greetings/actions-runner/bin'
[2023-07-08 12:21:02Z INFO HostContext] Well known directory 'Root': '/Users/janisievins/Desktop/python-greetings/actions-runner'
[2023-07-08 12:21:02Z INFO HostContext] Well known config file 'Runner': '/Users/janisievins/Desktop/python-greetings/actions-runner/.runner'
[2023-07-08 12:21:02Z INFO Listener] Runner is built for OSX (X64) - osx-x64.
[2023-07-08 12:21:02Z INFO Listener] RuntimeInformation: Darwin 22.5.0 Darwin Kernel Version 22.5.0: Thu Jun  8 22:22:19 PDT 2023; root:xnu-8796.121.3~7/RELEASE_ARM64_T8103.
[2023-07-08 12:21:02Z INFO Listener] Version: 2.305.0
[2023-07-08 12:21:02Z INFO Listener] Commit: 6cbe663c239dba8a109c6ac2801b25f1ed7c51e9
[2023-07-08 12:21:02Z INFO Listener] Culture: en-LV
[2023-07-08 12:21:02Z INFO Listener] UI Culture: en-LV
[2023-07-08 12:21:02Z INFO HostContext] Well known directory 'Bin': '/Users/janisievins/Desktop/python-greetings/actions-runner/bin'
[2023-07-08 12:21:02Z INFO HostContext] Well known directory 'Root': '/Users/janisievins/Desktop/python-greetings/actions-runner'
[2023-07-08 12:21:02Z INFO Listener] Validating directory permissions for: '/Users/janisievins/Desktop/python-greetings/actions-runner'
[2023-07-08 12:21:02Z INFO CommandLineParser] Parse
[2023-07-08 12:21:02Z INFO CommandLineParser] Parsing 1 args
[2023-07-08 12:21:02Z INFO CommandLineParser] parsing argument
[2023-07-08 12:21:02Z INFO CommandLineParser] HasArgs: False
[2023-07-08 12:21:02Z INFO CommandLineParser] Adding Command: run
[2023-07-08 12:21:02Z INFO Listener] Arguments parsed
[2023-07-08 12:21:02Z INFO Runner] ExecuteCommand
[2023-07-08 12:21:02Z INFO ConfigurationStore] currentAssemblyLocation: /Users/janisievins/Desktop/python-greetings/actions-runner/bin/Runner.Listener.dll
[2023-07-08 12:21:02Z INFO HostContext] Well known directory 'Bin': '/Users/janisievins/Desktop/python-greetings/actions-runner/bin'
[2023-07-08 12:21:02Z INFO ConfigurationStore] binPath: /Users/janisievins/Desktop/python-greetings/actions-runner/bin
[2023-07-08 12:21:02Z INFO HostContext] Well known directory 'Bin': '/Users/janisievins/Desktop/python-greetings/actions-runner/bin'
[2023-07-08 12:21:02Z INFO HostContext] Well known directory 'Root': '/Users/janisievins/Desktop/python-greetings/actions-runner'
[2023-07-08 12:21:02Z INFO ConfigurationStore] RootFolder: /Users/janisievins/Desktop/python-greetings/actions-runner
[2023-07-08 12:21:02Z INFO HostContext] Well known directory 'Bin': '/Users/janisievins/Desktop/python-greetings/actions-runner/bin'
[2023-07-08 12:21:02Z INFO HostContext] Well known directory 'Root': '/Users/janisievins/Desktop/python-greetings/actions-runner'
[2023-07-08 12:21:02Z INFO HostContext] Well known config file 'Runner': '/Users/janisievins/Desktop/python-greetings/actions-runner/.runner'
[2023-07-08 12:21:02Z INFO ConfigurationStore] ConfigFilePath: /Users/janisievins/Desktop/python-greetings/actions-runner/.runner
[2023-07-08 12:21:02Z INFO HostContext] Well known directory 'Bin': '/Users/janisievins/Desktop/python-greetings/actions-runner/bin'
[2023-07-08 12:21:02Z INFO HostContext] Well known directory 'Root': '/Users/janisievins/Desktop/python-greetings/actions-runner'
[2023-07-08 12:21:02Z INFO HostContext] Well known config file 'Credentials': '/Users/janisievins/Desktop/python-greetings/actions-runner/.credentials'
[2023-07-08 12:21:02Z INFO ConfigurationStore] CredFilePath: /Users/janisievins/Desktop/python-greetings/actions-runner/.credentials
[2023-07-08 12:21:02Z INFO HostContext] Well known directory 'Bin': '/Users/janisievins/Desktop/python-greetings/actions-runner/bin'
[2023-07-08 12:21:02Z INFO HostContext] Well known directory 'Root': '/Users/janisievins/Desktop/python-greetings/actions-runner'
[2023-07-08 12:21:02Z INFO HostContext] Well known config file 'MigratedCredentials': '/Users/janisievins/Desktop/python-greetings/actions-runner/.credentials_migrated'
[2023-07-08 12:21:02Z INFO ConfigurationStore] MigratedCredFilePath: /Users/janisievins/Desktop/python-greetings/actions-runner/.credentials_migrated
[2023-07-08 12:21:02Z INFO HostContext] Well known directory 'Bin': '/Users/janisievins/Desktop/python-greetings/actions-runner/bin'
[2023-07-08 12:21:02Z INFO HostContext] Well known directory 'Root': '/Users/janisievins/Desktop/python-greetings/actions-runner'
[2023-07-08 12:21:02Z INFO HostContext] Well known config file 'Service': '/Users/janisievins/Desktop/python-greetings/actions-runner/.service'
[2023-07-08 12:21:02Z INFO ConfigurationStore] ServiceConfigFilePath: /Users/janisievins/Desktop/python-greetings/actions-runner/.service
[2023-07-08 12:21:02Z INFO CommandSettings] Flag 'help': 'False'
[2023-07-08 12:21:02Z INFO CommandSettings] Flag 'version': 'False'
[2023-07-08 12:21:02Z INFO CommandSettings] Flag 'commit': 'False'
[2023-07-08 12:21:02Z INFO CommandSettings] Flag 'check': 'False'
[2023-07-08 12:21:02Z INFO CommandSettings] Command 'configure': 'False'
[2023-07-08 12:21:02Z INFO CommandSettings] Command 'remove': 'False'
[2023-07-08 12:21:02Z INFO CommandSettings] Command 'warmup': 'False'
[2023-07-08 12:21:02Z INFO ConfigurationManager] LoadSettings
[2023-07-08 12:21:02Z INFO ConfigurationStore] IsConfigured()
[2023-07-08 12:21:02Z INFO ConfigurationStore] IsConfigured: True
[2023-07-08 12:21:02Z INFO ConfigurationManager] Is configured: True
[2023-07-08 12:21:02Z INFO ConfigurationStore] Read setting file: 306 chars
[2023-07-08 12:21:02Z INFO ConfigurationManager] Settings Loaded
[2023-07-08 12:21:02Z INFO ConfigurationStore] IsServiceConfigured()
[2023-07-08 12:21:02Z INFO ConfigurationStore] IsServiceConfigured: False
[2023-07-08 12:21:02Z INFO CommandSettings] Command 'run': 'True'
[2023-07-08 12:21:02Z INFO ConfigurationStore] IsConfigured()
[2023-07-08 12:21:02Z INFO ConfigurationStore] IsConfigured: True
[2023-07-08 12:21:02Z INFO ConfigurationManager] Is configured: True
[2023-07-08 12:21:02Z INFO Runner] Could not parse the argument value '' for StartupType. Defaulting to Manual
[2023-07-08 12:21:02Z INFO Runner] Set runner startup type - Manual
[2023-07-08 12:21:02Z INFO CommandSettings] Flag 'once': 'False'
[2023-07-08 12:21:02Z INFO CommandSettings] Flag 'once': 'False'
[2023-07-08 12:21:02Z INFO Runner] RunAsync
[2023-07-08 12:21:02Z INFO ConfigurationManager] LoadSettings
[2023-07-08 12:21:02Z INFO ConfigurationStore] IsConfigured()
[2023-07-08 12:21:02Z INFO ConfigurationStore] IsConfigured: True
[2023-07-08 12:21:02Z INFO ConfigurationManager] Is configured: True
[2023-07-08 12:21:02Z INFO ConfigurationManager] Settings Loaded
[2023-07-08 12:21:02Z INFO MessageListener] {
  "AgentId": 2,
  "AgentName": "Janiss-MacBook-Pro",
  "PoolId": 1,
  "PoolName": "Default",
  "ServerUrl": "https://pipelines.actions.githubusercontent.com/ZstcLMHgxB4B2AdWe5aiHKea5LR5dYUa4H58np7sVCwT2pvuJU",
  "GitHubUrl": "https://github.com/janisievinstdl/python-greetings",
  "WorkFolder": "_work"
}
[2023-07-08 12:21:02Z INFO MessageListener] Loading Credentials
[2023-07-08 12:21:02Z INFO ConfigurationStore] HasCredentials()
[2023-07-08 12:21:02Z INFO ConfigurationStore] stored True
[2023-07-08 12:21:02Z INFO CredentialManager] GetCredentialProvider
[2023-07-08 12:21:02Z INFO CredentialManager] Creating type OAuth
[2023-07-08 12:21:02Z INFO CredentialManager] Creating credential type: OAuth
[2023-07-08 12:21:02Z INFO HostContext] Well known directory 'Bin': '/Users/janisievins/Desktop/python-greetings/actions-runner/bin'
[2023-07-08 12:21:02Z INFO HostContext] Well known directory 'Root': '/Users/janisievins/Desktop/python-greetings/actions-runner'
[2023-07-08 12:21:02Z INFO HostContext] Well known config file 'RSACredentials': '/Users/janisievins/Desktop/python-greetings/actions-runner/.credentials_rsaparams'
[2023-07-08 12:21:02Z INFO RSAFileKeyManager] Loading RSA key parameters from file /Users/janisievins/Desktop/python-greetings/actions-runner/.credentials_rsaparams
[2023-07-08 12:21:02Z INFO MessageListener] Attempt to create session.
[2023-07-08 12:21:02Z INFO MessageListener] Connecting to the Runner Server...
[2023-07-08 12:21:02Z INFO RunnerServer] EstablishVssConnection
[2023-07-08 12:21:02Z INFO RunnerServer] Establish connection with 100 seconds timeout.
[2023-07-08 12:21:03Z INFO GitHubActionsService] Starting operation Location.GetConnectionData
[2023-07-08 12:21:03Z INFO RunnerServer] EstablishVssConnection
[2023-07-08 12:21:03Z INFO RunnerServer] Establish connection with 60 seconds timeout.
[2023-07-08 12:21:03Z INFO GitHubActionsService] Starting operation Location.GetConnectionData
[2023-07-08 12:21:03Z INFO RunnerServer] EstablishVssConnection
[2023-07-08 12:21:03Z INFO RunnerServer] Establish connection with 60 seconds timeout.
[2023-07-08 12:21:03Z INFO GitHubActionsService] Starting operation Location.GetConnectionData
[2023-07-08 12:21:03Z INFO GitHubActionsService] Finished operation Location.GetConnectionData
[2023-07-08 12:21:03Z INFO GitHubActionsService] Finished operation Location.GetConnectionData
[2023-07-08 12:21:04Z INFO GitHubActionsService] Finished operation Location.GetConnectionData
[2023-07-08 12:21:04Z INFO MessageListener] VssConnection created
[2023-07-08 12:21:04Z INFO Terminal] WRITE LINE: 
[2023-07-08 12:21:04Z INFO Terminal] WRITE LINE: 
[2023-07-08 12:21:05Z INFO RSAFileKeyManager] Loading RSA key parameters from file /Users/janisievins/Desktop/python-greetings/actions-runner/.credentials_rsaparams
[2023-07-08 12:21:05Z INFO RSAFileKeyManager] Loading RSA key parameters from file /Users/janisievins/Desktop/python-greetings/actions-runner/.credentials_rsaparams
[2023-07-08 12:21:05Z INFO GitHubActionsService] AAD Correlation ID for this token request: Unknown
[2023-07-08 12:21:05Z INFO MessageListener] Session created.
[2023-07-08 12:21:05Z INFO Terminal] WRITE LINE: Current runner version: '2.305.0'
[2023-07-08 12:21:05Z INFO Terminal] WRITE LINE: 2023-07-08 12:21:05Z: Listening for Jobs
[2023-07-08 12:21:05Z INFO JobDispatcher] Set runner/worker IPC timeout to 30 seconds.
[2023-07-08 12:21:08Z INFO RSAFileKeyManager] Loading RSA key parameters from file /Users/janisievins/Desktop/python-greetings/actions-runner/.credentials_rsaparams
[2023-07-08 12:21:08Z INFO MessageListener] Message '10' received from session 'a28e62fd-cec2-4bcc-b0f0-f022d8e5a3ff'.
[2023-07-08 12:21:08Z INFO Runner] Received job message of length 21396 from service, with hash 'ac148e2e7463090f586db2a0d34d8c8b4cb2e22e44e4046d37ef66ba4c484836'
[2023-07-08 12:21:09Z INFO JobDispatcher] Job request 10 for plan 21929cb9-aa59-44a0-9004-9c9fd32a172c job 5d127cbb-7d1e-516e-9b64-07f37d7330d1 received.
[2023-07-08 12:21:09Z INFO JobDispatcher] Pull OrchestrationId 21929cb9-aa59-44a0-9004-9c9fd32a172c.build-docker-image.__default from JWT claims
[2023-07-08 12:21:09Z INFO Terminal] WRITE LINE: 2023-07-08 12:21:09Z: Running job: build-docker-image
[2023-07-08 12:21:09Z INFO JobDispatcher] Start renew job request 10 for job 5d127cbb-7d1e-516e-9b64-07f37d7330d1.
[2023-07-08 12:21:09Z INFO JobDispatcher] Successfully renew job request 10, job is valid till 08/07/2023 12:31:09
[2023-07-08 12:21:09Z INFO HostContext] Well known directory 'Bin': '/Users/janisievins/Desktop/python-greetings/actions-runner/bin'
[2023-07-08 12:21:09Z INFO ProcessInvokerWrapper] Starting process:
[2023-07-08 12:21:09Z INFO ProcessInvokerWrapper]   File name: '/Users/janisievins/Desktop/python-greetings/actions-runner/bin/Runner.Worker'
[2023-07-08 12:21:09Z INFO ProcessInvokerWrapper]   Arguments: 'spawnclient 107 110'
[2023-07-08 12:21:09Z INFO ProcessInvokerWrapper]   Working directory: '/Users/janisievins/Desktop/python-greetings/actions-runner/bin'
[2023-07-08 12:21:09Z INFO ProcessInvokerWrapper]   Require exit code zero: 'False'
[2023-07-08 12:21:09Z INFO ProcessInvokerWrapper]   Encoding web name:  ; code page: ''
[2023-07-08 12:21:09Z INFO ProcessInvokerWrapper]   Force kill process on cancellation: 'True'
[2023-07-08 12:21:09Z INFO ProcessInvokerWrapper]   Redirected STDIN: 'False'
[2023-07-08 12:21:09Z INFO ProcessInvokerWrapper]   Persist current code page: 'False'
[2023-07-08 12:21:09Z INFO ProcessInvokerWrapper]   Keep redirected STDIN open: 'False'
[2023-07-08 12:21:09Z INFO ProcessInvokerWrapper]   High priority process: 'True'
[2023-07-08 12:21:09Z INFO ProcessInvokerWrapper] Process started with process id 57167, waiting for process exit.
[2023-07-08 12:21:09Z INFO JobDispatcher] Send job request message to worker for job 5d127cbb-7d1e-516e-9b64-07f37d7330d1.
[2023-07-08 12:21:09Z INFO ProcessChannel] Sending message of length 21396, with hash 'ac148e2e7463090f586db2a0d34d8c8b4cb2e22e44e4046d37ef66ba4c484836'
[2023-07-08 12:21:09Z INFO JobNotification] Entering JobStarted Notification
[2023-07-08 12:21:09Z INFO JobNotification] Entering StartMonitor
[2023-07-08 12:21:50Z INFO ProcessInvokerWrapper] STDOUT/STDERR stream read finished.
[2023-07-08 12:21:50Z INFO ProcessInvokerWrapper] STDOUT/STDERR stream read finished.
[2023-07-08 12:21:50Z INFO ProcessInvokerWrapper] Finished process 57167 with exit code 100, and elapsed time 00:00:41.5747450.
[2023-07-08 12:21:50Z INFO JobDispatcher] Worker finished for job 5d127cbb-7d1e-516e-9b64-07f37d7330d1. Code: 100
[2023-07-08 12:21:50Z INFO JobDispatcher] finish job request for job 5d127cbb-7d1e-516e-9b64-07f37d7330d1 with result: Succeeded
[2023-07-08 12:21:50Z INFO Terminal] WRITE LINE: 2023-07-08 12:21:50Z: Job build-docker-image completed with result: Succeeded
[2023-07-08 12:21:50Z INFO JobDispatcher] Stop renew job request for job 5d127cbb-7d1e-516e-9b64-07f37d7330d1.
[2023-07-08 12:21:50Z INFO JobDispatcher] job renew has been cancelled, stop renew job request 10.
[2023-07-08 12:21:50Z INFO JobNotification] Entering JobCompleted Notification
[2023-07-08 12:21:50Z INFO JobNotification] Entering EndMonitor
[2023-07-08 12:21:53Z INFO RSAFileKeyManager] Loading RSA key parameters from file /Users/janisievins/Desktop/python-greetings/actions-runner/.credentials_rsaparams
[2023-07-08 12:21:53Z INFO MessageListener] Message '11' received from session 'a28e62fd-cec2-4bcc-b0f0-f022d8e5a3ff'.
[2023-07-08 12:21:53Z INFO Runner] Received job message of length 21287 from service, with hash '37ba2ce9572a9020cbb9e8b48457aff5d9e482ee4e0f946dea95fa9f460fe85f'
[2023-07-08 12:21:53Z INFO JobDispatcher] Job request 11 for plan 21929cb9-aa59-44a0-9004-9c9fd32a172c job 8064ed4c-5884-5fc3-53a6-4f25b35bc868 received.
[2023-07-08 12:21:53Z INFO JobDispatcher] Pull OrchestrationId 21929cb9-aa59-44a0-9004-9c9fd32a172c.deploy-dev.__default from JWT claims
[2023-07-08 12:21:53Z INFO JobDispatcher] Job request 5d127cbb-7d1e-516e-9b64-07f37d7330d1 processed succeed.
[2023-07-08 12:21:53Z INFO Terminal] WRITE LINE: 2023-07-08 12:21:53Z: Running job: deploy-dev
[2023-07-08 12:21:53Z INFO JobDispatcher] Start renew job request 11 for job 8064ed4c-5884-5fc3-53a6-4f25b35bc868.
[2023-07-08 12:21:54Z INFO JobDispatcher] Successfully renew job request 11, job is valid till 08/07/2023 12:31:54
[2023-07-08 12:21:54Z INFO HostContext] Well known directory 'Bin': '/Users/janisievins/Desktop/python-greetings/actions-runner/bin'
[2023-07-08 12:21:54Z INFO ProcessInvokerWrapper] Starting process:
[2023-07-08 12:21:54Z INFO ProcessInvokerWrapper]   File name: '/Users/janisievins/Desktop/python-greetings/actions-runner/bin/Runner.Worker'
[2023-07-08 12:21:54Z INFO ProcessInvokerWrapper]   Arguments: 'spawnclient 108 112'
[2023-07-08 12:21:54Z INFO ProcessInvokerWrapper]   Working directory: '/Users/janisievins/Desktop/python-greetings/actions-runner/bin'
[2023-07-08 12:21:54Z INFO ProcessInvokerWrapper]   Require exit code zero: 'False'
[2023-07-08 12:21:54Z INFO ProcessInvokerWrapper]   Encoding web name:  ; code page: ''
[2023-07-08 12:21:54Z INFO ProcessInvokerWrapper]   Force kill process on cancellation: 'True'
[2023-07-08 12:21:54Z INFO ProcessInvokerWrapper]   Redirected STDIN: 'False'
[2023-07-08 12:21:54Z INFO ProcessInvokerWrapper]   Persist current code page: 'False'
[2023-07-08 12:21:54Z INFO ProcessInvokerWrapper]   Keep redirected STDIN open: 'False'
[2023-07-08 12:21:54Z INFO ProcessInvokerWrapper]   High priority process: 'True'
[2023-07-08 12:21:54Z INFO ProcessInvokerWrapper] Process started with process id 57520, waiting for process exit.
[2023-07-08 12:21:54Z INFO JobDispatcher] Send job request message to worker for job 8064ed4c-5884-5fc3-53a6-4f25b35bc868.
[2023-07-08 12:21:54Z INFO ProcessChannel] Sending message of length 21287, with hash '37ba2ce9572a9020cbb9e8b48457aff5d9e482ee4e0f946dea95fa9f460fe85f'
[2023-07-08 12:21:54Z INFO JobNotification] Entering JobStarted Notification
[2023-07-08 12:21:54Z INFO JobNotification] Entering StartMonitor
[2023-07-08 12:22:31Z INFO ProcessInvokerWrapper] STDOUT/STDERR stream read finished.
[2023-07-08 12:22:31Z INFO ProcessInvokerWrapper] STDOUT/STDERR stream read finished.
[2023-07-08 12:22:31Z INFO ProcessInvokerWrapper] Finished process 57520 with exit code 102, and elapsed time 00:00:37.2532472.
[2023-07-08 12:22:31Z INFO JobDispatcher] Worker finished for job 8064ed4c-5884-5fc3-53a6-4f25b35bc868. Code: 102
[2023-07-08 12:22:31Z INFO JobDispatcher] finish job request for job 8064ed4c-5884-5fc3-53a6-4f25b35bc868 with result: Failed
[2023-07-08 12:22:31Z INFO Terminal] WRITE LINE: 2023-07-08 12:22:31Z: Job deploy-dev completed with result: Failed
[2023-07-08 12:22:31Z INFO JobDispatcher] Stop renew job request for job 8064ed4c-5884-5fc3-53a6-4f25b35bc868.
[2023-07-08 12:22:31Z INFO JobDispatcher] job renew has been cancelled, stop renew job request 11.
[2023-07-08 12:22:31Z INFO JobNotification] Entering JobCompleted Notification
[2023-07-08 12:22:31Z INFO JobNotification] Entering EndMonitor
[2023-07-08 12:29:51Z INFO Terminal] WRITE LINE: Exiting...
[2023-07-08 12:29:51Z INFO ConfigurationStore] IsServiceConfigured()
[2023-07-08 12:29:51Z INFO ConfigurationStore] IsServiceConfigured: False
[2023-07-08 12:29:51Z INFO HostContext] Runner will be shutdown for UserCancelled
[2023-07-08 12:29:51Z WARN GitHubActionsService] GET request to https://pipelines.actions.githubusercontent.com/ZstcLMHgxB4B2AdWe5aiHKea5LR5dYUa4H58np7sVCwT2pvuJU/_apis/distributedtask/pools/1/messages?sessionId=a28e62fd-cec2-4bcc-b0f0-f022d8e5a3ff&lastMessageId=11&status=Online&runnerVersion=2.305.0 has been cancelled.
[2023-07-08 12:29:51Z INFO MessageListener] Get next message has been cancelled.
[2023-07-08 12:29:51Z INFO JobDispatcher] Shutting down JobDispatcher. Make sure all WorkerDispatcher has finished.
[2023-07-08 12:29:51Z INFO JobDispatcher] Ensure WorkerDispather for job 8064ed4c-5884-5fc3-53a6-4f25b35bc868 run to finish, cancel any running job.
[2023-07-08 12:29:51Z INFO JobDispatcher] Job request 8064ed4c-5884-5fc3-53a6-4f25b35bc868 processed succeed.
[2023-07-08 12:29:51Z INFO Listener] Runner execution been cancelled.
