[2023-07-08 12:13:49Z INFO HostContext] No proxy settings were found based on environmental variables (http_proxy/https_proxy/HTTP_PROXY/HTTPS_PROXY)
[2023-07-08 12:13:49Z INFO HostContext] Well known directory 'Bin': '/Users/janisievins/Desktop/python-greetings/actions-runner/bin'
[2023-07-08 12:13:49Z INFO HostContext] Well known directory 'Root': '/Users/janisievins/Desktop/python-greetings/actions-runner'
[2023-07-08 12:13:49Z INFO HostContext] Well known config file 'Credentials': '/Users/janisievins/Desktop/python-greetings/actions-runner/.credentials'
[2023-07-08 12:13:49Z INFO HostContext] Well known directory 'Bin': '/Users/janisievins/Desktop/python-greetings/actions-runner/bin'
[2023-07-08 12:13:49Z INFO HostContext] Well known directory 'Root': '/Users/janisievins/Desktop/python-greetings/actions-runner'
[2023-07-08 12:13:49Z INFO HostContext] Well known config file 'Runner': '/Users/janisievins/Desktop/python-greetings/actions-runner/.runner'
[2023-07-08 12:13:49Z INFO Listener] Runner is built for OSX (X64) - osx-x64.
[2023-07-08 12:13:49Z INFO Listener] RuntimeInformation: Darwin 22.5.0 Darwin Kernel Version 22.5.0: Thu Jun  8 22:22:19 PDT 2023; root:xnu-8796.121.3~7/RELEASE_ARM64_T8103.
[2023-07-08 12:13:49Z INFO Listener] Version: 2.305.0
[2023-07-08 12:13:49Z INFO Listener] Commit: 6cbe663c239dba8a109c6ac2801b25f1ed7c51e9
[2023-07-08 12:13:49Z INFO Listener] Culture: en-LV
[2023-07-08 12:13:49Z INFO Listener] UI Culture: en-LV
[2023-07-08 12:13:49Z INFO HostContext] Well known directory 'Bin': '/Users/janisievins/Desktop/python-greetings/actions-runner/bin'
[2023-07-08 12:13:49Z INFO HostContext] Well known directory 'Root': '/Users/janisievins/Desktop/python-greetings/actions-runner'
[2023-07-08 12:13:49Z INFO Listener] Validating directory permissions for: '/Users/janisievins/Desktop/python-greetings/actions-runner'
[2023-07-08 12:13:49Z INFO CommandLineParser] Parse
[2023-07-08 12:13:49Z INFO CommandLineParser] Parsing 1 args
[2023-07-08 12:13:49Z INFO CommandLineParser] parsing argument
[2023-07-08 12:13:49Z INFO CommandLineParser] HasArgs: False
[2023-07-08 12:13:49Z INFO CommandLineParser] Adding Command: run
[2023-07-08 12:13:49Z INFO Listener] Arguments parsed
[2023-07-08 12:13:49Z INFO Runner] ExecuteCommand
[2023-07-08 12:13:49Z INFO ConfigurationStore] currentAssemblyLocation: /Users/janisievins/Desktop/python-greetings/actions-runner/bin/Runner.Listener.dll
[2023-07-08 12:13:49Z INFO HostContext] Well known directory 'Bin': '/Users/janisievins/Desktop/python-greetings/actions-runner/bin'
[2023-07-08 12:13:49Z INFO ConfigurationStore] binPath: /Users/janisievins/Desktop/python-greetings/actions-runner/bin
[2023-07-08 12:13:49Z INFO HostContext] Well known directory 'Bin': '/Users/janisievins/Desktop/python-greetings/actions-runner/bin'
[2023-07-08 12:13:49Z INFO HostContext] Well known directory 'Root': '/Users/janisievins/Desktop/python-greetings/actions-runner'
[2023-07-08 12:13:49Z INFO ConfigurationStore] RootFolder: /Users/janisievins/Desktop/python-greetings/actions-runner
[2023-07-08 12:13:49Z INFO HostContext] Well known directory 'Bin': '/Users/janisievins/Desktop/python-greetings/actions-runner/bin'
[2023-07-08 12:13:49Z INFO HostContext] Well known directory 'Root': '/Users/janisievins/Desktop/python-greetings/actions-runner'
[2023-07-08 12:13:49Z INFO HostContext] Well known config file 'Runner': '/Users/janisievins/Desktop/python-greetings/actions-runner/.runner'
[2023-07-08 12:13:49Z INFO ConfigurationStore] ConfigFilePath: /Users/janisievins/Desktop/python-greetings/actions-runner/.runner
[2023-07-08 12:13:49Z INFO HostContext] Well known directory 'Bin': '/Users/janisievins/Desktop/python-greetings/actions-runner/bin'
[2023-07-08 12:13:49Z INFO HostContext] Well known directory 'Root': '/Users/janisievins/Desktop/python-greetings/actions-runner'
[2023-07-08 12:13:49Z INFO HostContext] Well known config file 'Credentials': '/Users/janisievins/Desktop/python-greetings/actions-runner/.credentials'
[2023-07-08 12:13:49Z INFO ConfigurationStore] CredFilePath: /Users/janisievins/Desktop/python-greetings/actions-runner/.credentials
[2023-07-08 12:13:49Z INFO HostContext] Well known directory 'Bin': '/Users/janisievins/Desktop/python-greetings/actions-runner/bin'
[2023-07-08 12:13:49Z INFO HostContext] Well known directory 'Root': '/Users/janisievins/Desktop/python-greetings/actions-runner'
[2023-07-08 12:13:49Z INFO HostContext] Well known config file 'MigratedCredentials': '/Users/janisievins/Desktop/python-greetings/actions-runner/.credentials_migrated'
[2023-07-08 12:13:49Z INFO ConfigurationStore] MigratedCredFilePath: /Users/janisievins/Desktop/python-greetings/actions-runner/.credentials_migrated
[2023-07-08 12:13:49Z INFO HostContext] Well known directory 'Bin': '/Users/janisievins/Desktop/python-greetings/actions-runner/bin'
[2023-07-08 12:13:49Z INFO HostContext] Well known directory 'Root': '/Users/janisievins/Desktop/python-greetings/actions-runner'
[2023-07-08 12:13:49Z INFO HostContext] Well known config file 'Service': '/Users/janisievins/Desktop/python-greetings/actions-runner/.service'
[2023-07-08 12:13:49Z INFO ConfigurationStore] ServiceConfigFilePath: /Users/janisievins/Desktop/python-greetings/actions-runner/.service
[2023-07-08 12:13:49Z INFO CommandSettings] Flag 'help': 'False'
[2023-07-08 12:13:49Z INFO CommandSettings] Flag 'version': 'False'
[2023-07-08 12:13:49Z INFO CommandSettings] Flag 'commit': 'False'
[2023-07-08 12:13:49Z INFO CommandSettings] Flag 'check': 'False'
[2023-07-08 12:13:49Z INFO CommandSettings] Command 'configure': 'False'
[2023-07-08 12:13:49Z INFO CommandSettings] Command 'remove': 'False'
[2023-07-08 12:13:49Z INFO CommandSettings] Command 'warmup': 'False'
[2023-07-08 12:13:49Z INFO ConfigurationManager] LoadSettings
[2023-07-08 12:13:49Z INFO ConfigurationStore] IsConfigured()
[2023-07-08 12:13:49Z INFO ConfigurationStore] IsConfigured: True
[2023-07-08 12:13:49Z INFO ConfigurationManager] Is configured: True
[2023-07-08 12:13:49Z INFO ConfigurationStore] Read setting file: 306 chars
[2023-07-08 12:13:49Z INFO ConfigurationManager] Settings Loaded
[2023-07-08 12:13:49Z INFO ConfigurationStore] IsServiceConfigured()
[2023-07-08 12:13:49Z INFO ConfigurationStore] IsServiceConfigured: False
[2023-07-08 12:13:49Z INFO CommandSettings] Command 'run': 'True'
[2023-07-08 12:13:49Z INFO ConfigurationStore] IsConfigured()
[2023-07-08 12:13:49Z INFO ConfigurationStore] IsConfigured: True
[2023-07-08 12:13:49Z INFO ConfigurationManager] Is configured: True
[2023-07-08 12:13:49Z INFO Runner] Could not parse the argument value '' for StartupType. Defaulting to Manual
[2023-07-08 12:13:49Z INFO Runner] Set runner startup type - Manual
[2023-07-08 12:13:49Z INFO CommandSettings] Flag 'once': 'False'
[2023-07-08 12:13:49Z INFO CommandSettings] Flag 'once': 'False'
[2023-07-08 12:13:49Z INFO Runner] RunAsync
[2023-07-08 12:13:49Z INFO ConfigurationManager] LoadSettings
[2023-07-08 12:13:49Z INFO ConfigurationStore] IsConfigured()
[2023-07-08 12:13:49Z INFO ConfigurationStore] IsConfigured: True
[2023-07-08 12:13:49Z INFO ConfigurationManager] Is configured: True
[2023-07-08 12:13:49Z INFO ConfigurationManager] Settings Loaded
[2023-07-08 12:13:49Z INFO MessageListener] {
  "AgentId": 2,
  "AgentName": "Janiss-MacBook-Pro",
  "PoolId": 1,
  "PoolName": "Default",
  "ServerUrl": "https://pipelines.actions.githubusercontent.com/ZstcLMHgxB4B2AdWe5aiHKea5LR5dYUa4H58np7sVCwT2pvuJU",
  "GitHubUrl": "https://github.com/janisievinstdl/python-greetings",
  "WorkFolder": "_work"
}
[2023-07-08 12:13:49Z INFO MessageListener] Loading Credentials
[2023-07-08 12:13:49Z INFO ConfigurationStore] HasCredentials()
[2023-07-08 12:13:49Z INFO ConfigurationStore] stored True
[2023-07-08 12:13:49Z INFO CredentialManager] GetCredentialProvider
[2023-07-08 12:13:49Z INFO CredentialManager] Creating type OAuth
[2023-07-08 12:13:49Z INFO CredentialManager] Creating credential type: OAuth
[2023-07-08 12:13:49Z INFO HostContext] Well known directory 'Bin': '/Users/janisievins/Desktop/python-greetings/actions-runner/bin'
[2023-07-08 12:13:49Z INFO HostContext] Well known directory 'Root': '/Users/janisievins/Desktop/python-greetings/actions-runner'
[2023-07-08 12:13:49Z INFO HostContext] Well known config file 'RSACredentials': '/Users/janisievins/Desktop/python-greetings/actions-runner/.credentials_rsaparams'
[2023-07-08 12:13:49Z INFO RSAFileKeyManager] Loading RSA key parameters from file /Users/janisievins/Desktop/python-greetings/actions-runner/.credentials_rsaparams
[2023-07-08 12:13:49Z INFO MessageListener] Attempt to create session.
[2023-07-08 12:13:49Z INFO MessageListener] Connecting to the Runner Server...
[2023-07-08 12:13:49Z INFO RunnerServer] EstablishVssConnection
[2023-07-08 12:13:49Z INFO RunnerServer] Establish connection with 100 seconds timeout.
[2023-07-08 12:13:49Z INFO GitHubActionsService] Starting operation Location.GetConnectionData
[2023-07-08 12:13:49Z INFO RunnerServer] EstablishVssConnection
[2023-07-08 12:13:49Z INFO RunnerServer] Establish connection with 60 seconds timeout.
[2023-07-08 12:13:49Z INFO GitHubActionsService] Starting operation Location.GetConnectionData
[2023-07-08 12:13:49Z INFO RunnerServer] EstablishVssConnection
[2023-07-08 12:13:49Z INFO RunnerServer] Establish connection with 60 seconds timeout.
[2023-07-08 12:13:49Z INFO GitHubActionsService] Starting operation Location.GetConnectionData
[2023-07-08 12:13:50Z INFO GitHubActionsService] Finished operation Location.GetConnectionData
[2023-07-08 12:13:50Z INFO GitHubActionsService] Finished operation Location.GetConnectionData
[2023-07-08 12:13:50Z INFO GitHubActionsService] Finished operation Location.GetConnectionData
[2023-07-08 12:13:51Z INFO MessageListener] VssConnection created
[2023-07-08 12:13:51Z INFO Terminal] WRITE LINE: 
[2023-07-08 12:13:51Z INFO Terminal] WRITE LINE: 
[2023-07-08 12:13:52Z INFO RSAFileKeyManager] Loading RSA key parameters from file /Users/janisievins/Desktop/python-greetings/actions-runner/.credentials_rsaparams
[2023-07-08 12:13:52Z INFO RSAFileKeyManager] Loading RSA key parameters from file /Users/janisievins/Desktop/python-greetings/actions-runner/.credentials_rsaparams
[2023-07-08 12:13:52Z INFO GitHubActionsService] AAD Correlation ID for this token request: Unknown
[2023-07-08 12:13:52Z INFO MessageListener] Session created.
[2023-07-08 12:13:52Z INFO Terminal] WRITE LINE: Current runner version: '2.305.0'
[2023-07-08 12:13:52Z INFO Terminal] WRITE LINE: 2023-07-08 12:13:52Z: Listening for Jobs
[2023-07-08 12:13:52Z INFO JobDispatcher] Set runner/worker IPC timeout to 30 seconds.
[2023-07-08 12:13:56Z INFO RSAFileKeyManager] Loading RSA key parameters from file /Users/janisievins/Desktop/python-greetings/actions-runner/.credentials_rsaparams
[2023-07-08 12:13:56Z INFO MessageListener] Message '6' received from session '7e65e867-2e93-40b7-b8a0-9373e7388d5d'.
[2023-07-08 12:13:56Z INFO Runner] Received job message of length 21391 from service, with hash 'c7f2fe88be353ae3cddf8a41cdd65d44bf6bcb982bce03db973cb18732a6c97c'
[2023-07-08 12:13:56Z INFO JobDispatcher] Job request 6 for plan 90576e92-cb0f-4931-ba83-135e799ec03c job 5d127cbb-7d1e-516e-9b64-07f37d7330d1 received.
[2023-07-08 12:13:56Z INFO JobDispatcher] Pull OrchestrationId 90576e92-cb0f-4931-ba83-135e799ec03c.build-docker-image.__default from JWT claims
[2023-07-08 12:13:56Z INFO Terminal] WRITE LINE: 2023-07-08 12:13:56Z: Running job: build-docker-image
[2023-07-08 12:13:56Z INFO JobDispatcher] Start renew job request 6 for job 5d127cbb-7d1e-516e-9b64-07f37d7330d1.
[2023-07-08 12:13:56Z INFO JobDispatcher] Successfully renew job request 6, job is valid till 08/07/2023 12:23:56
[2023-07-08 12:13:56Z INFO HostContext] Well known directory 'Bin': '/Users/janisievins/Desktop/python-greetings/actions-runner/bin'
[2023-07-08 12:13:56Z INFO ProcessInvokerWrapper] Starting process:
[2023-07-08 12:13:56Z INFO ProcessInvokerWrapper]   File name: '/Users/janisievins/Desktop/python-greetings/actions-runner/bin/Runner.Worker'
[2023-07-08 12:13:56Z INFO ProcessInvokerWrapper]   Arguments: 'spawnclient 107 110'
[2023-07-08 12:13:56Z INFO ProcessInvokerWrapper]   Working directory: '/Users/janisievins/Desktop/python-greetings/actions-runner/bin'
[2023-07-08 12:13:56Z INFO ProcessInvokerWrapper]   Require exit code zero: 'False'
[2023-07-08 12:13:56Z INFO ProcessInvokerWrapper]   Encoding web name:  ; code page: ''
[2023-07-08 12:13:56Z INFO ProcessInvokerWrapper]   Force kill process on cancellation: 'True'
[2023-07-08 12:13:56Z INFO ProcessInvokerWrapper]   Redirected STDIN: 'False'
[2023-07-08 12:13:56Z INFO ProcessInvokerWrapper]   Persist current code page: 'False'
[2023-07-08 12:13:56Z INFO ProcessInvokerWrapper]   Keep redirected STDIN open: 'False'
[2023-07-08 12:13:56Z INFO ProcessInvokerWrapper]   High priority process: 'True'
[2023-07-08 12:13:56Z INFO ProcessInvokerWrapper] Process started with process id 55101, waiting for process exit.
[2023-07-08 12:13:56Z INFO JobDispatcher] Send job request message to worker for job 5d127cbb-7d1e-516e-9b64-07f37d7330d1.
[2023-07-08 12:13:56Z INFO ProcessChannel] Sending message of length 21391, with hash 'c7f2fe88be353ae3cddf8a41cdd65d44bf6bcb982bce03db973cb18732a6c97c'
[2023-07-08 12:13:56Z INFO JobNotification] Entering JobStarted Notification
[2023-07-08 12:13:56Z INFO JobNotification] Entering StartMonitor
[2023-07-08 12:14:38Z INFO ProcessInvokerWrapper] STDOUT/STDERR stream read finished.
[2023-07-08 12:14:38Z INFO ProcessInvokerWrapper] STDOUT/STDERR stream read finished.
[2023-07-08 12:14:38Z INFO ProcessInvokerWrapper] Finished process 55101 with exit code 100, and elapsed time 00:00:42.0938047.
[2023-07-08 12:14:38Z INFO JobDispatcher] Worker finished for job 5d127cbb-7d1e-516e-9b64-07f37d7330d1. Code: 100
[2023-07-08 12:14:38Z INFO JobDispatcher] finish job request for job 5d127cbb-7d1e-516e-9b64-07f37d7330d1 with result: Succeeded
[2023-07-08 12:14:38Z INFO Terminal] WRITE LINE: 2023-07-08 12:14:38Z: Job build-docker-image completed with result: Succeeded
[2023-07-08 12:14:38Z INFO JobDispatcher] Stop renew job request for job 5d127cbb-7d1e-516e-9b64-07f37d7330d1.
[2023-07-08 12:14:38Z INFO JobDispatcher] job renew has been cancelled, stop renew job request 6.
[2023-07-08 12:14:38Z INFO JobNotification] Entering JobCompleted Notification
[2023-07-08 12:14:38Z INFO JobNotification] Entering EndMonitor
[2023-07-08 12:14:41Z INFO RSAFileKeyManager] Loading RSA key parameters from file /Users/janisievins/Desktop/python-greetings/actions-runner/.credentials_rsaparams
[2023-07-08 12:14:41Z INFO MessageListener] Message '7' received from session '7e65e867-2e93-40b7-b8a0-9373e7388d5d'.
[2023-07-08 12:14:41Z INFO Runner] Received job message of length 21274 from service, with hash '198fca56d73324d53844f67e42f38274cde7149adc7678c07a67266112820f74'
[2023-07-08 12:14:41Z INFO JobDispatcher] Job request 7 for plan 90576e92-cb0f-4931-ba83-135e799ec03c job 8064ed4c-5884-5fc3-53a6-4f25b35bc868 received.
[2023-07-08 12:14:41Z INFO JobDispatcher] Pull OrchestrationId 90576e92-cb0f-4931-ba83-135e799ec03c.deploy-dev.__default from JWT claims
[2023-07-08 12:14:41Z INFO JobDispatcher] Job request 5d127cbb-7d1e-516e-9b64-07f37d7330d1 processed succeed.
[2023-07-08 12:14:41Z INFO Terminal] WRITE LINE: 2023-07-08 12:14:41Z: Running job: deploy-dev
[2023-07-08 12:14:41Z INFO JobDispatcher] Start renew job request 7 for job 8064ed4c-5884-5fc3-53a6-4f25b35bc868.
[2023-07-08 12:14:41Z INFO JobDispatcher] Successfully renew job request 7, job is valid till 08/07/2023 12:24:41
[2023-07-08 12:14:41Z INFO HostContext] Well known directory 'Bin': '/Users/janisievins/Desktop/python-greetings/actions-runner/bin'
[2023-07-08 12:14:41Z INFO ProcessInvokerWrapper] Starting process:
[2023-07-08 12:14:41Z INFO ProcessInvokerWrapper]   File name: '/Users/janisievins/Desktop/python-greetings/actions-runner/bin/Runner.Worker'
[2023-07-08 12:14:41Z INFO ProcessInvokerWrapper]   Arguments: 'spawnclient 107 110'
[2023-07-08 12:14:41Z INFO ProcessInvokerWrapper]   Working directory: '/Users/janisievins/Desktop/python-greetings/actions-runner/bin'
[2023-07-08 12:14:41Z INFO ProcessInvokerWrapper]   Require exit code zero: 'False'
[2023-07-08 12:14:41Z INFO ProcessInvokerWrapper]   Encoding web name:  ; code page: ''
[2023-07-08 12:14:41Z INFO ProcessInvokerWrapper]   Force kill process on cancellation: 'True'
[2023-07-08 12:14:41Z INFO ProcessInvokerWrapper]   Redirected STDIN: 'False'
[2023-07-08 12:14:41Z INFO ProcessInvokerWrapper]   Persist current code page: 'False'
[2023-07-08 12:14:41Z INFO ProcessInvokerWrapper]   Keep redirected STDIN open: 'False'
[2023-07-08 12:14:41Z INFO ProcessInvokerWrapper]   High priority process: 'True'
[2023-07-08 12:14:41Z INFO ProcessInvokerWrapper] Process started with process id 55438, waiting for process exit.
[2023-07-08 12:14:41Z INFO JobDispatcher] Send job request message to worker for job 8064ed4c-5884-5fc3-53a6-4f25b35bc868.
[2023-07-08 12:14:41Z INFO ProcessChannel] Sending message of length 21274, with hash '198fca56d73324d53844f67e42f38274cde7149adc7678c07a67266112820f74'
[2023-07-08 12:14:41Z INFO JobNotification] Entering JobStarted Notification
[2023-07-08 12:14:41Z INFO JobNotification] Entering StartMonitor
[2023-07-08 12:15:16Z INFO ProcessInvokerWrapper] STDOUT/STDERR stream read finished.
[2023-07-08 12:15:16Z INFO ProcessInvokerWrapper] STDOUT/STDERR stream read finished.
[2023-07-08 12:15:16Z INFO ProcessInvokerWrapper] Finished process 55438 with exit code 102, and elapsed time 00:00:35.1753332.
[2023-07-08 12:15:16Z INFO JobDispatcher] Worker finished for job 8064ed4c-5884-5fc3-53a6-4f25b35bc868. Code: 102
[2023-07-08 12:15:16Z INFO JobDispatcher] finish job request for job 8064ed4c-5884-5fc3-53a6-4f25b35bc868 with result: Failed
[2023-07-08 12:15:16Z INFO Terminal] WRITE LINE: 2023-07-08 12:15:16Z: Job deploy-dev completed with result: Failed
[2023-07-08 12:15:16Z INFO JobDispatcher] Stop renew job request for job 8064ed4c-5884-5fc3-53a6-4f25b35bc868.
[2023-07-08 12:15:16Z INFO JobDispatcher] job renew has been cancelled, stop renew job request 7.
[2023-07-08 12:15:16Z INFO JobNotification] Entering JobCompleted Notification
[2023-07-08 12:15:16Z INFO JobNotification] Entering EndMonitor
[2023-07-08 12:16:38Z INFO RSAFileKeyManager] Loading RSA key parameters from file /Users/janisievins/Desktop/python-greetings/actions-runner/.credentials_rsaparams
[2023-07-08 12:16:38Z INFO MessageListener] Message '8' received from session '7e65e867-2e93-40b7-b8a0-9373e7388d5d'.
[2023-07-08 12:16:38Z INFO Runner] Received job message of length 21391 from service, with hash '47ec0136f62af56532ba8089cadb3e8bd2bdf7ef319208febd6299c057fb8c84'
[2023-07-08 12:16:38Z INFO JobDispatcher] Job request 8 for plan b7375142-4df0-468b-9035-2349b79dfd7e job 5d127cbb-7d1e-516e-9b64-07f37d7330d1 received.
[2023-07-08 12:16:38Z INFO JobDispatcher] Pull OrchestrationId b7375142-4df0-468b-9035-2349b79dfd7e.build-docker-image.__default from JWT claims
[2023-07-08 12:16:38Z INFO JobDispatcher] Job request 8064ed4c-5884-5fc3-53a6-4f25b35bc868 processed succeed.
[2023-07-08 12:16:38Z INFO Terminal] WRITE LINE: 2023-07-08 12:16:38Z: Running job: build-docker-image
[2023-07-08 12:16:38Z INFO JobDispatcher] Start renew job request 8 for job 5d127cbb-7d1e-516e-9b64-07f37d7330d1.
[2023-07-08 12:16:39Z INFO JobDispatcher] Successfully renew job request 8, job is valid till 08/07/2023 12:26:39
[2023-07-08 12:16:39Z INFO HostContext] Well known directory 'Bin': '/Users/janisievins/Desktop/python-greetings/actions-runner/bin'
[2023-07-08 12:16:39Z INFO ProcessInvokerWrapper] Starting process:
[2023-07-08 12:16:39Z INFO ProcessInvokerWrapper]   File name: '/Users/janisievins/Desktop/python-greetings/actions-runner/bin/Runner.Worker'
[2023-07-08 12:16:39Z INFO ProcessInvokerWrapper]   Arguments: 'spawnclient 101 114'
[2023-07-08 12:16:39Z INFO ProcessInvokerWrapper]   Working directory: '/Users/janisievins/Desktop/python-greetings/actions-runner/bin'
[2023-07-08 12:16:39Z INFO ProcessInvokerWrapper]   Require exit code zero: 'False'
[2023-07-08 12:16:39Z INFO ProcessInvokerWrapper]   Encoding web name:  ; code page: ''
[2023-07-08 12:16:39Z INFO ProcessInvokerWrapper]   Force kill process on cancellation: 'True'
[2023-07-08 12:16:39Z INFO ProcessInvokerWrapper]   Redirected STDIN: 'False'
[2023-07-08 12:16:39Z INFO ProcessInvokerWrapper]   Persist current code page: 'False'
[2023-07-08 12:16:39Z INFO ProcessInvokerWrapper]   Keep redirected STDIN open: 'False'
[2023-07-08 12:16:39Z INFO ProcessInvokerWrapper]   High priority process: 'True'
[2023-07-08 12:16:39Z INFO ProcessInvokerWrapper] Process started with process id 56120, waiting for process exit.
[2023-07-08 12:16:39Z INFO JobDispatcher] Send job request message to worker for job 5d127cbb-7d1e-516e-9b64-07f37d7330d1.
[2023-07-08 12:16:39Z INFO ProcessChannel] Sending message of length 21391, with hash '47ec0136f62af56532ba8089cadb3e8bd2bdf7ef319208febd6299c057fb8c84'
[2023-07-08 12:16:39Z INFO JobNotification] Entering JobStarted Notification
[2023-07-08 12:16:39Z INFO JobNotification] Entering StartMonitor
[2023-07-08 12:17:19Z INFO ProcessInvokerWrapper] STDOUT/STDERR stream read finished.
[2023-07-08 12:17:19Z INFO ProcessInvokerWrapper] STDOUT/STDERR stream read finished.
[2023-07-08 12:17:19Z INFO ProcessInvokerWrapper] Finished process 56120 with exit code 100, and elapsed time 00:00:39.7527110.
[2023-07-08 12:17:19Z INFO JobDispatcher] Worker finished for job 5d127cbb-7d1e-516e-9b64-07f37d7330d1. Code: 100
[2023-07-08 12:17:19Z INFO JobDispatcher] finish job request for job 5d127cbb-7d1e-516e-9b64-07f37d7330d1 with result: Succeeded
[2023-07-08 12:17:19Z INFO Terminal] WRITE LINE: 2023-07-08 12:17:19Z: Job build-docker-image completed with result: Succeeded
[2023-07-08 12:17:19Z INFO JobDispatcher] Stop renew job request for job 5d127cbb-7d1e-516e-9b64-07f37d7330d1.
[2023-07-08 12:17:19Z INFO JobDispatcher] job renew has been cancelled, stop renew job request 8.
[2023-07-08 12:17:19Z INFO JobNotification] Entering JobCompleted Notification
[2023-07-08 12:17:19Z INFO JobNotification] Entering EndMonitor
[2023-07-08 12:17:21Z INFO RSAFileKeyManager] Loading RSA key parameters from file /Users/janisievins/Desktop/python-greetings/actions-runner/.credentials_rsaparams
[2023-07-08 12:17:21Z INFO MessageListener] Message '9' received from session '7e65e867-2e93-40b7-b8a0-9373e7388d5d'.
[2023-07-08 12:17:21Z INFO Runner] Received job message of length 21274 from service, with hash '993a784353a629ce0c9509e77738b43df0e2b9dda8be48ddfb988857bf556de7'
[2023-07-08 12:17:21Z INFO JobDispatcher] Job request 9 for plan b7375142-4df0-468b-9035-2349b79dfd7e job 8064ed4c-5884-5fc3-53a6-4f25b35bc868 received.
[2023-07-08 12:17:21Z INFO JobDispatcher] Pull OrchestrationId b7375142-4df0-468b-9035-2349b79dfd7e.deploy-dev.__default from JWT claims
[2023-07-08 12:17:21Z INFO JobDispatcher] Job request 5d127cbb-7d1e-516e-9b64-07f37d7330d1 processed succeed.
[2023-07-08 12:17:21Z INFO Terminal] WRITE LINE: 2023-07-08 12:17:21Z: Running job: deploy-dev
[2023-07-08 12:17:21Z INFO JobDispatcher] Start renew job request 9 for job 8064ed4c-5884-5fc3-53a6-4f25b35bc868.
[2023-07-08 12:17:21Z INFO JobDispatcher] Successfully renew job request 9, job is valid till 08/07/2023 12:27:21
[2023-07-08 12:17:21Z INFO HostContext] Well known directory 'Bin': '/Users/janisievins/Desktop/python-greetings/actions-runner/bin'
[2023-07-08 12:17:21Z INFO ProcessInvokerWrapper] Starting process:
[2023-07-08 12:17:21Z INFO ProcessInvokerWrapper]   File name: '/Users/janisievins/Desktop/python-greetings/actions-runner/bin/Runner.Worker'
[2023-07-08 12:17:21Z INFO ProcessInvokerWrapper]   Arguments: 'spawnclient 101 114'
[2023-07-08 12:17:21Z INFO ProcessInvokerWrapper]   Working directory: '/Users/janisievins/Desktop/python-greetings/actions-runner/bin'
[2023-07-08 12:17:21Z INFO ProcessInvokerWrapper]   Require exit code zero: 'False'
[2023-07-08 12:17:21Z INFO ProcessInvokerWrapper]   Encoding web name:  ; code page: ''
[2023-07-08 12:17:21Z INFO ProcessInvokerWrapper]   Force kill process on cancellation: 'True'
[2023-07-08 12:17:21Z INFO ProcessInvokerWrapper]   Redirected STDIN: 'False'
[2023-07-08 12:17:21Z INFO ProcessInvokerWrapper]   Persist current code page: 'False'
[2023-07-08 12:17:21Z INFO ProcessInvokerWrapper]   Keep redirected STDIN open: 'False'
[2023-07-08 12:17:21Z INFO ProcessInvokerWrapper]   High priority process: 'True'
[2023-07-08 12:17:21Z INFO ProcessInvokerWrapper] Process started with process id 56449, waiting for process exit.
[2023-07-08 12:17:21Z INFO JobDispatcher] Send job request message to worker for job 8064ed4c-5884-5fc3-53a6-4f25b35bc868.
[2023-07-08 12:17:21Z INFO ProcessChannel] Sending message of length 21274, with hash '993a784353a629ce0c9509e77738b43df0e2b9dda8be48ddfb988857bf556de7'
[2023-07-08 12:17:21Z INFO JobNotification] Entering JobStarted Notification
[2023-07-08 12:17:21Z INFO JobNotification] Entering StartMonitor
[2023-07-08 12:17:57Z INFO ProcessInvokerWrapper] STDOUT/STDERR stream read finished.
[2023-07-08 12:17:57Z INFO ProcessInvokerWrapper] STDOUT/STDERR stream read finished.
[2023-07-08 12:17:57Z INFO ProcessInvokerWrapper] Finished process 56449 with exit code 102, and elapsed time 00:00:35.7976376.
[2023-07-08 12:17:57Z INFO JobDispatcher] Worker finished for job 8064ed4c-5884-5fc3-53a6-4f25b35bc868. Code: 102
[2023-07-08 12:17:57Z INFO JobDispatcher] finish job request for job 8064ed4c-5884-5fc3-53a6-4f25b35bc868 with result: Failed
[2023-07-08 12:17:57Z INFO Terminal] WRITE LINE: 2023-07-08 12:17:57Z: Job deploy-dev completed with result: Failed
[2023-07-08 12:17:57Z INFO JobDispatcher] Stop renew job request for job 8064ed4c-5884-5fc3-53a6-4f25b35bc868.
[2023-07-08 12:17:57Z INFO JobDispatcher] job renew has been cancelled, stop renew job request 9.
[2023-07-08 12:17:57Z INFO JobNotification] Entering JobCompleted Notification
[2023-07-08 12:17:57Z INFO JobNotification] Entering EndMonitor
[2023-07-08 12:20:24Z INFO Terminal] WRITE LINE: Exiting...
[2023-07-08 12:20:24Z INFO ConfigurationStore] IsServiceConfigured()
[2023-07-08 12:20:24Z INFO ConfigurationStore] IsServiceConfigured: False
[2023-07-08 12:20:24Z INFO HostContext] Runner will be shutdown for UserCancelled
[2023-07-08 12:20:25Z WARN GitHubActionsService] GET request to https://pipelines.actions.githubusercontent.com/ZstcLMHgxB4B2AdWe5aiHKea5LR5dYUa4H58np7sVCwT2pvuJU/_apis/distributedtask/pools/1/messages?sessionId=7e65e867-2e93-40b7-b8a0-9373e7388d5d&lastMessageId=9&status=Online&runnerVersion=2.305.0 has been cancelled.
[2023-07-08 12:20:25Z INFO MessageListener] Get next message has been cancelled.
[2023-07-08 12:20:25Z INFO JobDispatcher] Shutting down JobDispatcher. Make sure all WorkerDispatcher has finished.
[2023-07-08 12:20:25Z INFO JobDispatcher] Ensure WorkerDispather for job 8064ed4c-5884-5fc3-53a6-4f25b35bc868 run to finish, cancel any running job.
[2023-07-08 12:20:25Z INFO JobDispatcher] Job request 8064ed4c-5884-5fc3-53a6-4f25b35bc868 processed succeed.
[2023-07-08 12:20:25Z INFO Listener] Runner execution been cancelled.
